MIT/GNU Scheme running under GNU/Linux
Type `^C' (control-C) followed by `H' to obtain information about interrupts.

Copyright (C) 2020 Massachusetts Institute of Technology
This is free software; see the source for copying conditions. There is NO
warranty; not even for MERCHANTABILITY or FITNESS FOR A PARTICULAR PURPOSE.

Image saved on Sunday March 7, 2021 at 3:24:56 PM
  Release 11.2 || SF || LIAR/x86-64

1 ]=> (define (expmod base exp m)
  (cond ((= exp 0) 1)
        ((even? exp)
         (remainder (square (expmod base (/ exp 2) m))
                    m))
        (else
         (remainder (* base (expmod base (- exp 1) m))
                    m))))
;Value: expmod

1 ]=> (define (fermat-test-all n a)
  (if (< a n)
      (and (= (expmod a n n) a) (fermat-test-all n (+ a 1)))
      true))
;Value: fermat-test-all

1 ]=> (fermat-test-all 561 0)
;Value: #t

1 ]=> (fermat-test-all 1105 0)
;Value: #t

1 ]=> (fermat-test-all 1729 0)
;Value: #t

1 ]=> (fermat-test-all 2465 0)
;Value: #t

1 ]=> (fermat-test-all 2821 0)
;Value: #t

1 ]=> (fermat-test-all 6601 0)
;Value: #t

1 ]=> 
End of input stream reached.
Moriturus te salutat.
