MIT/GNU Scheme running under GNU/Linux
Type `^C' (control-C) followed by `H' to obtain information about interrupts.

Copyright (C) 2020 Massachusetts Institute of Technology
This is free software; see the source for copying conditions. There is NO
warranty; not even for MERCHANTABILITY or FITNESS FOR A PARTICULAR PURPOSE.

Image saved on Sunday March 7, 2021 at 3:24:56 PM
  Release 11.2 || SF || LIAR/x86-64

1 ]=> ; entry selector procedure
(define (entry tree) (car tree))
;Value: entry

1 ]=> ; left-branch selector procedure
(define (left-branch tree) (cadr tree))
;Value: left-branch

1 ]=> ; right-branch selector procedure
(define (right-branch tree) (caddr tree))
;Value: right-branch

1 ]=> ; make-tree constructor procedure
(define (make-tree entry left right)
  (list entry left right))
;Value: make-tree

1 ]=> ; element-of-set? predicate procedure
(define (element-of-set? x set)
  (cond ((null? set) false)
        ((= x (entry set)) true)
        ((< x (entry set))
         (element-of-set? x (left-branch set)))
        ((> x (entry set))
         (element-of-set? x (right-branch set)))))
;Value: element-of-set?

1 ]=> ; adjoin-set procedure
(define (adjoin-set x set)
  (cond ((null? set) (make-tree x '() '()))
        ((= x (entry set)) set)
        ((< x (entry set))
         (make-tree (entry set)
                    (adjoin-set x (left-branch set))
                    (right-branch set)))
        ((> x (entry set))
         (make-tree (entry set)
                    (left-branch set)
                    (adjoin-set x (right-branch set))))))
;Value: adjoin-set

1 ]=> (define (tree->list-1 tree)
  (if (null? tree)
      '()
      (append (tree->list-1 (left-branch tree))
              (cons (entry tree)
                    (tree->list-1 (right-branch tree))))))
;Value: tree->list-1

1 ]=> (define (tree->list-2 tree)
  (define (copy-to-list tree result-list)
    (if (null? tree)
        result-list
        (copy-to-list (left-branch tree)
                      (cons (entry tree)
                            (copy-to-list (right-branch tree)
                                          result-list)))))
  (copy-to-list tree '()))
;Value: tree->list-2

1 ]=> ;
; Part (a)
; ########
;   Both tree-list-1 and tree-list-2 produce an in-order tree walk. Below is the
;   output for the trees in figure 2.16:

(define tree1
  (make-tree 7
    (make-tree 3
      (make-tree 1 '() '())
      (make-tree 5 '() '()))
    (make-tree 9
      '()
      (make-tree 11 '() '()))))
;Value: tree1

1 ]=> (define tree2
  (make-tree 3
    (make-tree 1 '() '())
    (make-tree 7
      (make-tree 5 '() '())
      (make-tree 9
        '()
        (make-tree 11 '() '())))))
;Value: tree2

1 ]=> (define tree3
  (make-tree 5
    (make-tree 3
      (make-tree 1 '() '())
      '())
    (make-tree 9
      (make-tree 7 '() '())
      (make-tree 11 '() '()))))
;Value: tree3

1 ]=> (tree->list-1 tree1)
;Value: (1 3 5 7 9 11)

1 ]=> (tree->list-2 tree1)
;Value: (1 3 5 7 9 11)

1 ]=> (tree->list-1 tree2)
;Value: (1 3 5 7 9 11)

1 ]=> (tree->list-2 tree2)
;Value: (1 3 5 7 9 11)

1 ]=> (tree->list-1 tree3)
;Value: (1 3 5 7 9 11)

1 ]=> (tree->list-2 tree3)
;Value: (1 3 5 7 9 11)

1 ]=> ;
; Part (b)
; ########
;
;   tree-list-1:
;   ------------
;                                       C2
;                   ┌───────────────────┴───────────────────┐
;              C1*(n/2) + C2                           C1*(n/2) + C2
;         ┌─────────┴─────────┐                   ┌─────────┴─────────┐
;    C1*(n/4) + C2       C1*(n/4) + C2       C1*(n/4) + C2       C1*(n/4) + C2
;    ┌────┴────┐         ┌────┴────┐         ┌────┴────┐         ┌────┴────┐
; C1*(n/8)  C1*(n/8)  C1*(n/8)  C1*(n/8)  C1*(n/8)  C1*(n/8)  C1*(n/8)  C1*(n/8)
;   + C2      + C2      + C2      + C2      + C2      + C2      + C2      + C2
; ┌──┴──┐   ┌──┴──┐   ┌──┴──┐   ┌──┴──┐   ┌──┴──┐   ┌──┴──┐   ┌──┴──┐   ┌──┴──┐
;                                     ....
;   log(n)
;   Σ(W_i) = C1*n + C2 ==> O(n*log(n))
;   i = 0
;
;   tree-list-2:
;   ------------
;                                       C1
;                   ┌───────────────────┴───────────────────┐
;                   C1                                      C1
;         ┌─────────┴─────────┐                   ┌─────────┴─────────┐
;         C1                  C1                  C1                  C1
;    ┌────┴────┐         ┌────┴────┐         ┌────┴────┐         ┌────┴────┐
;    C1        C1        C1        C1        C1        C1        C1        C1
; ┌──┴──┐   ┌──┴──┐   ┌──┴──┐   ┌──┴──┐   ┌──┴──┐   ┌──┴──┐   ┌──┴──┐   ┌──┴──┐
;                                     ....
;   log(n)
;   Σ(W_i) = C1 * (2^i) ==> O(n)
;   i = 0
End of input stream reached.
Happy happy joy joy!
