MIT/GNU Scheme running under GNU/Linux
Type `^C' (control-C) followed by `H' to obtain information about interrupts.

Copyright (C) 2020 Massachusetts Institute of Technology
This is free software; see the source for copying conditions. There is NO
warranty; not even for MERCHANTABILITY or FITNESS FOR A PARTICULAR PURPOSE.

Image saved on Sunday March 7, 2021 at 3:24:56 PM
  Release 11.2 || SF || LIAR/x86-64

1 ]=> (define (make-accumulator init)
  (let ((acc init))
    (lambda (x)
      (begin (set! acc (+ acc x))
             acc))))
;Value: make-accumulator

1 ]=> ; unit tests
(define acc (make-accumulator 0))
;Value: acc

1 ]=> (acc 2)
;Value: 2

1 ]=> (acc 3)
;Value: 5

1 ]=> (acc 5)
;Value: 10

1 ]=> (acc 7)
;Value: 17

1 ]=> 
End of input stream reached.
Fortitudine vincimus.
