MIT/GNU Scheme running under GNU/Linux
Type `^C' (control-C) followed by `H' to obtain information about interrupts.

Copyright (C) 2020 Massachusetts Institute of Technology
This is free software; see the source for copying conditions. There is NO
warranty; not even for MERCHANTABILITY or FITNESS FOR A PARTICULAR PURPOSE.

Image saved on Sunday March 7, 2021 at 3:24:56 PM
  Release 11.2 || SF || LIAR/x86-64

1 ]=> ; memo-proc procedure
(define (memo-proc proc)
  (let ((already-run? false) (result false))
    (lambda ()
      (if (not already-run?)
          (begin (set! result (proc))
                 (set! already-run? true)
                 result)
          result))))
;Value: memo-proc

1 ]=> #|
 | §3.5.1 Footnote 56:
 |
 | Although stream-car and stream-cdr can be defined as procedures, cons-stream
 | must be a special form. If cons-stream were a procedure, then, according to
 | our model of evaluation, evaluating (cons-stream <a> <b>) would automatically
 | cause <b> to be evaluated, which is precisely what we do not want to happen.
 | For the same reason, delay must be a special form, though force can be an
 | ordinary procedure.
 |#

; delay procedure -- create thunk
; (define (delay expr) (lambda () expr))
; (define (delay expr) (memo-proc (lambda () expr)))
(define-syntax delay
  (syntax-rules ()
    ((delay ?expr) (memo-proc (lambda () ?expr)))))
;Value: delay

1 ]=> ; force procedure -- evaluate thunk
(define (force delayed-expr) (delayed-expr))
;Value: force

1 ]=> ; the-empty-stream defn
(define the-empty-stream '())
;Value: the-empty-stream

1 ]=> ; cons-stream constructor procedure
; (define (cons-stream a b) (cons a (delay b)))
(define-syntax cons-stream
  (syntax-rules ()
    ((cons-stream a b) (cons a (delay b)))))
;Value: cons-stream

1 ]=> ; stream-car selector procedure
(define (stream-car stream) (car stream))
;Value: stream-car

1 ]=> ; stream-cdr selector procedure
(define (stream-cdr stream) (force (cdr stream)))
;Value: stream-cdr

1 ]=> ; stream-null? predicate procedure
(define (stream-null? stream) (null? stream))
;Value: stream-null?

1 ]=> ; stream-ref procedure
(define (stream-ref s n)
  (if (= n 0)
      (stream-car s)
      (stream-ref (stream-cdr s) (- n 1))))
;Value: stream-ref

1 ]=> #|
 | ; stream-map procedure
 | (define (stream-map proc s)
 |   (if (stream-null? s)
 |       the-empty-stream
 |       (cons-stream (proc (stream-car s))
 |                    (stream-map proc (stream-cdr s)))))
 |#

; stream-for-each procedure
(define (stream-for-each proc s)
  (if (stream-null? s)
      'done
      (begin (proc (stream-car s))
             (stream-for-each proc (stream-cdr s)))))
;Value: stream-for-each

1 ]=> #|
 | ; display-stream procedure
 | (define (display-stream s)
 |   (stream-for-each display-line s))
 |
 | ; display-line procedure
 | (define (display-line x)
 |   (newline)
 |   (display x))
 |#

; display-stream procedure (instructor's manual, augmented)
(define display-stream
  (let ()
    (define (iter stream delim)
      (cond ((stream-null? stream) (display "]"))
            (else (display delim)
                  (display (stream-car stream))
                  (iter (stream-cdr stream) " "))))
    (lambda (stream)
      (newline)
      (display "[")
      (iter stream ""))))
;Value: display-stream

1 ]=> ; stream-enumerate-interval procedure
(define (stream-enumerate-interval low high)
  (if (> low high)
      the-empty-stream
      (cons-stream
       low
       (stream-enumerate-interval (+ low 1) high))))
;Value: stream-enumerate-interval

1 ]=> ; stream-filter procedure
(define (stream-filter pred stream)
  (cond ((stream-null? stream) the-empty-stream)
        ((pred (stream-car stream))
         (cons-stream (stream-car stream)
                      (stream-filter pred
                                     (stream-cdr stream))))
        (else (stream-filter pred (stream-cdr stream)))))
;Value: stream-filter

1 ]=> ; stream-map procedure
(define (stream-map proc . argstreams)
  (if (stream-null? (car argstreams))
      the-empty-stream
      (cons-stream
        (apply proc (map stream-car argstreams))
        (apply stream-map
          (cons proc (map stream-cdr argstreams))))))
;Value: stream-map

1 ]=> ; stream-take procedure
(define (stream-take s n)
  (cond ((< n 0) (error "Subscript"))
        ((= n 0) '())
        ((stream-null? s) (error "Subscript"))
        (else (cons (stream-car s)
                    (stream-take (stream-cdr s) (- n 1))))))
;Value: stream-take

1 ]=> ; integers-starting-from procedure
(define (integers-starting-from n)
  (cons-stream n (integers-starting-from (+ n 1))))
;Value: integers-starting-from

1 ]=> ; divisible? predicate procedure
(define (divisible? x y) (= (remainder x y) 0))
;Value: divisible?

1 ]=> ; (Sieve of Eratosthenes) sieve procedure
(define (sieve stream)
  (cons-stream
   (stream-car stream)
   (sieve (stream-filter
           (lambda (x)
             (not (divisible? x (stream-car stream))))
           (stream-cdr stream)))))
;Value: sieve

1 ]=> ; (Sieve of Eratosthenes) primes stream
(define primes (sieve (integers-starting-from 2)))
;Value: primes

1 ]=> ; ones stream
(define ones (cons-stream 1 ones))
;Value: ones

1 ]=> ; add-streams procedure
(define (add-streams s1 s2)
  (stream-map + s1 s2))
;Value: add-streams

1 ]=> ; integers stream
(define integers (cons-stream 1 (add-streams ones integers)))
;Value: integers

1 ]=> ; fibs stream
(define fibs
  (cons-stream 0 (cons-stream 1 (add-streams (stream-cdr fibs) fibs))))
;Value: fibs

1 ]=> ; scale-stream procedure
(define (scale-stream stream factor)
  (stream-map (lambda (x) (* x factor)) stream))
;Value: scale-stream

1 ]=> ; mul-streams procedure
(define (mul-streams s1 s2)
  (stream-map * s1 s2))
;Value: mul-streams

1 ]=> ; partial-sums procedure
(define (partial-sums s)
  (add-streams s (cons-stream 0 (partial-sums s))))
;Value: partial-sums

1 ]=> ; merge procedure
(define (merge s1 s2)
  (cond ((stream-null? s1) s2)
        ((stream-null? s2) s1)
        (else
         (let ((s1car (stream-car s1))
               (s2car (stream-car s2)))
           (cond ((< s1car s2car)
                  (cons-stream s1car (merge (stream-cdr s1) s2)))
                 ((> s1car s2car)
                  (cons-stream s2car (merge s1 (stream-cdr s2))))
                 (else
                  (cons-stream s1car
                               (merge (stream-cdr s1)
                                      (stream-cdr s2)))))))))
;Value: merge

1 ]=> ; Hamming stream
(define S (cons-stream 1 (merge (scale-stream S 2)
                                (merge (scale-stream S 3)
                                       (scale-stream S 5)))))
;Value: s

1 ]=> ; expand procedure
(define (expand num den radix)
  (cons-stream
   (quotient (* num radix) den)
   (expand (remainder (* num radix) den) den radix)))
;Value: expand

1 ]=> ; harmonic-series stream
(define harmonic-series
  (stream-map / integers))
;Value: harmonic-series

1 ]=> ; integrate series procedure
(define (integrate-series as)
  (mul-streams harmonic-series as))
;Value: integrate-series

1 ]=> ; exp-series stream (e^x)
(define exp-series
  (cons-stream 1 (integrate-series exp-series)))
;Value: exp-series

1 ]=> ; cosine-series stream (cos x)
(define cosine-series
  (cons-stream 1 (integrate-series (scale-stream sine-series -1))))
;Value: cosine-series

1 ]=> ; sine-series stream (sin x)
(define sine-series
  (cons-stream 0 (integrate-series cosine-series)))
;Value: sine-series

1 ]=> ; mul-series procedure
(define (mul-series s1 s2)
  (cons-stream
    (* (stream-car s1) (stream-car s2))
    (add-streams (add-streams (scale-stream (stream-cdr s2) (stream-car s1))
                              (scale-stream (stream-cdr s1) (stream-car s2)))
                 (cons-stream 0 (mul-series (stream-cdr s1) (stream-cdr s2))))))
;Value: mul-series

1 ]=> ; invert-unit-series procedure
(define (invert-unit-series s)
  (cons-stream 1 (scale-stream
                   (mul-series (stream-cdr s)
                               (invert-unit-series s))
                   -1)))
;Value: invert-unit-series

1 ]=> ; div-series procedure
(define (div-series s1 s2)
  (let ((c (stream-car s2)))
    (if (eq? c 0)
        (error "Denominator has zero constant term -- DIV-SERIES" c))
        (mul-series (scale-stream s1 (/ c))
                    (invert-unit-series (scale-stream s2 (/ c))))))
;Value: div-series

1 ]=> ; tangent-series stream (tan x)
(define tangent-series (div-series sine-series cosine-series))
;Value: tangent-series

1 ]=> ; stream-limit procedure
(define (stream-limit s tol)
  (if (< (abs (- (stream-ref s 1) (stream-ref s 0))) tol)
      (stream-ref s 1)
      (stream-limit (stream-cdr s) tol)))
;Value: stream-limit

1 ]=> ; euler-transform procedure
(define (euler-transform s)
  (let ((s0 (stream-ref s 0))
        (s1 (stream-ref s 1))
        (s2 (stream-ref s 2)))
    (cons-stream (- s2 (/ (square (- s2 s1))
                          (+ s0 (* -2 s1) s2)))
                 (euler-transform (stream-cdr s)))))
;Value: euler-transform

1 ]=> ; make-tableau procedure
(define (make-tableau transform s)
  (cons-stream s
               (make-tableau transform
                             (transform s))))
;Value: make-tableau

1 ]=> ; acclerated-sequence procedure
(define (accelerated-sequence transform s)
  (stream-map stream-car
              (make-tableau transform s)))
;Value: accelerated-sequence

1 ]=> ; interleave procedure
(define (interleave s1 s2)
  (if (stream-null? s1)
      s2
      (cons-stream (stream-car s1)
                   (interleave s2 (stream-cdr s1)))))
;Value: interleave

1 ]=> ; pairs procedure
(define (pairs s t)
  (cons-stream
   (list (stream-car s) (stream-car t))
   (interleave
    (stream-map (lambda (x) (list (stream-car s) x))
                (stream-cdr t))
    (pairs (stream-cdr s) (stream-cdr t)))))
;Value: pairs

1 ]=> ; pairs-stream def'n
(define pairs-stream (pairs integers integers))
;Value: pairs-stream

1 ]=> ; pairs-ref procedure
(define (pairs-ref i j)
  (let ((kii (- (expt 2 i) 2))
        (cij (expt 2 i)))
    (if (eq? i j)
        kii
        (+ kii (- (/ cij 2)) (* (- j i) cij)))))
;Value: pairs-ref

1 ]=> ; triples procedure
(define (triples s t u)
  (cons-stream
    (list (stream-car s) (stream-car t) (stream-car u))
    (interleave
      (stream-map (lambda (x) (cons (stream-car s) x))
                  (stream-cdr (pairs t u)))
      (triples (stream-cdr s) (stream-cdr t) (stream-cdr u)))))
;Value: triples

1 ]=> ; pythagorean? predicate procedure
(define (pythagorean? x)
  (let ((x2 (map square x)))
    (let ((i2 (car x2)) (j2 (cadr x2)) (k2 (caddr x2)))
      (eq? (+ i2 j2) k2))))
;Value: pythagorean?

1 ]=> #|
 | Exercise 3.70
 |
 | It would be nice to be able to generate streams in which the pairs appear
 | in some useful order, rather than in the order that results from an ad hoc
 | interleaving process. We can use a technique similar to the merge procedure
 | of exercise 3.56, if we define a way to say that one pair of integers is
 | "less than" another. One way to do this is to define a "weighting function"
 | W(i,j) and stipulate that (i₁,j₁) is less than (i₂,j₂) if W(i₁,j₁) <
 | W(i₂,j₂). Write a procedure merge-weighted that is like merge, except that
 | merge-weighted takes an additional argument weight, which is a procedure
 | that computes the weight of a pair, and is used to determine the order in
 | which elements should appear in the resulting merged stream. [69] Using
 | this, generalize pairs to a procedure weighted-pairs that takes two streams,
 | together with a procedure that computes a weighting function, and generates
 | the stream of pairs, ordered according to weight. Use your procedure to
 | generate
 |
 | a. the stream of all pairs of positive integers (i,j) with i <= j ordered
 | according to the sum i + j
 |
 | b. the stream of all pairs of positive integers (i,j) with i <= j, where
 | neither i nor j is divisible by 2, 3, or 5, and the pairs are ordered
 | according to the sum 2i + 3j + 5ij.
 |
 | §3.5.3 Footnote 69:
 |
 | We will require that the weighting function be such that the weight of a
 | pair increases as we move out along a row or down along a column of the
 | array of pairs.
 |#

; merge-weighted procedure
(define (merge-weighted weight s1 s2)
  (cond ((stream-null? s1) s2)
        ((stream-null? s2) s1)
        (else
          (cond ((<= (weight (stream-car s1)) (weight (stream-car s2)))
                 (cons-stream
                   (stream-car s1)
                   (merge-weighted weight (stream-cdr s1) s2)))
                (else
                 (cons-stream
                   (stream-car s2)
                   (merge-weighted weight s1 (stream-cdr s2))))))))
;Value: merge-weighted

1 ]=> )

; weighted-pairs
(define (weighted-pairs weight s1 s2)
  (cons-stream
    (list (stream-car s1) (stream-car s2))
    (merge-weighted
      weight
      (stream-map (lambda (x) (list (stream-car s1) x)) (stream-cdr s2))
      (weighted-pairs weight (stream-cdr s1) (stream-cdr s2)))))
;Value: weighted-pairs

1 ]=> #|
 | Part (a):
 |#

(stream-take
  (weighted-pairs
    (lambda (x) (+ (car x) (cadr x)))
    integers
    integers)
  16)
;Value: ((1 1) (1 2) (1 3) (2 2) (1 4) (2 3) (1 5) (2 4) (3 3) (1 6) (2 5) (3 4) (1 7) (2 6) (3 5) (4 4))

1 ]=> #|
 | Part (b):
 |#

(define no-235-factors
  (stream-filter
    (lambda (x)
      (not (or (divisible? x 2)
               (divisible? x 3)
               (divisible? x 5))))
    integers))
;Value: no-235-factors

1 ]=> (stream-take
  (weighted-pairs
    (lambda (x) (+ (* 2 (car x)) (* 3 (cadr x)) (* 5 (car x) (cadr x))))
    no-235-factors
    no-235-factors)
  32)
;Value: ((1 1) (1 7) (1 11) (1 13) (1 17) (1 19) (1 23) (1 29) (1 31) (7 7) (1 37) (1 41) (1 43) (1 47) (1 49) (1 53) (7 11) (1 59) (1 61) (7 13) (1 67) (1 71) (1 73) (1 77) (1 79) (7 17) (11 11) (1 83) (1 89) (1 91) (7 19) (11 13))

1 ]=> 
End of input stream reached.
Happy happy joy joy!
