MIT/GNU Scheme running under GNU/Linux
Type `^C' (control-C) followed by `H' to obtain information about interrupts.

Copyright (C) 2020 Massachusetts Institute of Technology
This is free software; see the source for copying conditions. There is NO
warranty; not even for MERCHANTABILITY or FITNESS FOR A PARTICULAR PURPOSE.

Image saved on Sunday March 7, 2021 at 3:24:56 PM
  Release 11.2 || SF || LIAR/x86-64

1 ]=> (define (gcd a b)
  (if (=  b 0)
      a
      (gcd b (remainder a b))))
;Value: gcd

1 ]=> ;
; normal-order evaluation
;
; (gcd 206 40)
; (gcd 40 (remainder 206 40))
; (if (= (remainder 206 40) 0)
;     40
;     (gcd (remainder 206 40)
;          (remainder 40 (remainder 206 40))))
; (if (= 6 0)                                                   --> +1
;     40
;     (gcd (remainder 206 40)
;          (remainder 40 (remainder 206 40))))
; (gcd (remainder 206 40) (remainder 40 (remainder 206 40)))
; (if (= (remainder 40 (remainder 206 40)) 0)
;     (remainder 206 40)
;     (gcd (remainder 40 (remainder 206 40))
;          (remainder (remainder 206 40) (remainder 40 (remainder 206 40)))))
; (if (= 4 0)                                                   --> +2
;     (remainder 206 40)
;     (gcd (remainder 40 (remainder 206 40))
;          (remainder (remainder 206 40) (remainder 40 (remainder 206 40)))))
; (gcd (remainder 40 (remainder 206 40))
;      (remainder (remainder 206 40) (remainder 40 (remainder 206 40))))
; (if (= (remainder (remainder 206 40) (remainder 40 (remainder 206 40))) 0)
;     (remainder 40 (remainder 206 40))
;     (gcd (remainder (remainder 206 40) (remainder 40 (remainder 206 40)))
;          (remainder (remainder 40 (remainder 206 40))
;                     (remainder (remainder 206 40) (remainder 40 (remainder 206 40))))))
; (if (= 2 0)                                                   --> +4
;     (remainder 40 (remainder 206 40))
;     (gcd (remainder (remainder 206 40) (remainder 40 (remainder 206 40)))
;          (remainder (remainder 40 (remainder 206 40))
;                     (remainder (remainder 206 40) (remainder 40 (remainder 206 40))))))
; (gcd (remainder (remainder 206 40) (remainder 40 (remainder 206 40)))
;      (remainder (remainder 40 (remainder 206 40))
;                 (remainder (remainder 206 40) (remainder 40 (remainder 206 40)))))
; (if (= (remainder (remainder 40 (remainder 206 40))
;                   (remainder (remainder 206 40) (remainder 40 (remainder 206 40))))
;        0)
;     (remainder (remainder 206 40) (remainder 40 (remainder 206 40)))
;     (gcd (remainder (remainder 40 (remainder 206 40))
;                     (remainder (remainder 206 40) (remainder 40 (remainder 206 40))))
;          (remainder (remainder (remainder 206 40) (remainder 40 (remainder 206 40)))
;                     (remainder (remainder 40 (remainder 206 40))
;                                (remainder (remainder 206 40) (remainder 40 (remainder 206 40)))))))
; (if (= 0 0)                                                   --> +7
;     (remainder (remainder 206 40) (remainder 40 (remainder 206 40)))
;     (gcd (remainder (remainder 40 (remainder 206 40))
;                     (remainder (remainder 206 40) (remainder 40 (remainder 206 40))))
;          (remainder (remainder (remainder 206 40) (remainder 40 (remainder 206 40)))
;                     (remainder (remainder 40 (remainder 206 40))
;                                (remainder (remainder 206 40) (remainder 40 (remainder 206 40)))))))
; (remainder (remainder 206 40) (remainder 40 (remainder 206 40)))
; 2                                                             --> +4
; ==> remainder operation was performed 18 times
;
;
; applicative-order evaluation
;
; (gcd 206 40)
; (gcd 40 (remainder 206 40))
; (gcd 40 6)                    --> +1
; (gcd 6 (remainder 40 6))
; (gcd 6 4)                     --> +1
; (gcd 4 (remainder 6 4))
; (gcd 4 2)                     --> +1
; (gcd 2 (remainder 4 2))
; (gcd 2 0)                     --> +1
; 2
; ==> remainder operation was performed 4 times

(gcd 206 40)
;Value: 2

1 ]=> 
End of input stream reached.
Fortitudine vincimus.
