MIT/GNU Scheme running under GNU/Linux
Type `^C' (control-C) followed by `H' to obtain information about interrupts.

Copyright (C) 2020 Massachusetts Institute of Technology
This is free software; see the source for copying conditions. There is NO
warranty; not even for MERCHANTABILITY or FITNESS FOR A PARTICULAR PURPOSE.

Image saved on Sunday March 7, 2021 at 3:24:56 PM
  Release 11.2 || SF || LIAR/x86-64

1 ]=> (define x (list 1 2 3))
;Value: x

1 ]=> (define y (list 4 5 6))
;Value: y

1 ]=> (append x y)
;Value: (1 2 3 4 5 6)

1 ]=> (cons x y)
;Value: ((1 2 3) 4 5 6)

1 ]=> (list x y)
;Value: ((1 2 3) (4 5 6))

1 ]=> 
End of input stream reached.
Ceterum censeo Carthaginem esse delendam.
