MIT/GNU Scheme running under GNU/Linux
Type `^C' (control-C) followed by `H' to obtain information about interrupts.

Copyright (C) 2020 Massachusetts Institute of Technology
This is free software; see the source for copying conditions. There is NO
warranty; not even for MERCHANTABILITY or FITNESS FOR A PARTICULAR PURPOSE.

Image saved on Sunday March 7, 2021 at 3:24:56 PM
  Release 11.2 || SF || LIAR/x86-64

1 ]=> (define (smallest-divisor n)
  (find-divisor n 2))
;Value: smallest-divisor

1 ]=> (define (find-divisor n test-divisor)
  (cond ((> (square test-divisor) n) n)
        ((divides? test-divisor n) test-divisor)
        (else (find-divisor n (+ test-divisor 1)))))
;Value: find-divisor

1 ]=> (define (divides? a b)
  (= (remainder b a) 0))
;Value: divides?

1 ]=> (define (prime? n)
  (= n (smallest-divisor n)))
;Value: prime?

1 ]=> (smallest-divisor 199)
;Value: 199

1 ]=> (smallest-divisor 1999)
;Value: 1999

1 ]=> (smallest-divisor 19999)
;Value: 7

1 ]=> 
End of input stream reached.
Moriturus te salutat.
