MIT/GNU Scheme running under GNU/Linux
Type `^C' (control-C) followed by `H' to obtain information about interrupts.

Copyright (C) 2020 Massachusetts Institute of Technology
This is free software; see the source for copying conditions. There is NO
warranty; not even for MERCHANTABILITY or FITNESS FOR A PARTICULAR PURPOSE.

Image saved on Sunday March 7, 2021 at 3:24:56 PM
  Release 11.2 || SF || LIAR/x86-64

1 ]=> (define (f g)
  (g 2))
;Value: f

1 ]=> (f square)
;Value: 4

1 ]=> (f (lambda (z) (* z (+ z 1))))
;Value: 6

1 ]=> ;
; (f f)
; (f 2)
; (2 2)
; ==> The object 2 is not applicable.

(f f)
;The object 2 is not applicable.
;To continue, call RESTART with an option number:
; (RESTART 2) => Specify a procedure to use in its place.
; (RESTART 1) => Return to read-eval-print level 1.

2 error> 
End of input stream reached.
Moriturus te salutat.
