MIT/GNU Scheme running under GNU/Linux
Type `^C' (control-C) followed by `H' to obtain information about interrupts.

Copyright (C) 2020 Massachusetts Institute of Technology
This is free software; see the source for copying conditions. There is NO
warranty; not even for MERCHANTABILITY or FITNESS FOR A PARTICULAR PURPOSE.

Image saved on Sunday March 7, 2021 at 3:24:56 PM
  Release 11.2 || SF || LIAR/x86-64

1 ]=> ; nil defn
(define nil '())
;Value: nil

1 ]=> ; map procedure
(define (map proc seq)
  (if (null? seq)
      nil
      (cons (proc (car seq)) (map proc (cdr seq)))))
;Value: map

1 ]=> ; filter procedure
(define (filter pred seq)
  (cond ((null? seq) nil)
        ((pred (car seq))
         (cons (car seq)
               (filter pred (cdr seq))))
        (else (filter pred (cdr seq)))))
;Value: filter

1 ]=> ; accumulate procedure
(define (accumulate op init seq)
  (if (null? seq)
      init
      (op (car seq)
          (accumulate op init (cdr seq)))))
;Value: accumulate

1 ]=> ; enumerate-interval procedure
(define (enumerate-interval low high)
  (if (> low high)
      nil
      (cons low (enumerate-interval (+ low 1) high))))
;Value: enumerate-interval

1 ]=> ; enumerate-tree procedure
(define (enumerate-tree tree)
  (cond ((null? tree) nil)
        ((not (pair? tree)) (list tree))
        (else (append (enumerate-tree (car tree))
                      (enumerate-tree (cdr tree))))))
;Value: enumerate-tree

1 ]=> ; accumulate-n procedure
(define (accumulate-n op init seqs)
  (if (null? (car seqs))
      nil
      (cons (accumulate op init (map car seqs))
            (accumulate-n op init (map cdr seqs)))))
;Value: accumulate-n

1 ]=> ; unit test for accumulate-n
(define s (list (list 1 2 3) (list 4 5 6) (list 7 8 9) (list 10 11 12)))
;Value: s

1 ]=> (accumulate-n + 0 s)
;Value: (22 26 30)

1 ]=> 
End of input stream reached.
Happy happy joy joy!
