MIT/GNU Scheme running under GNU/Linux
Type `^C' (control-C) followed by `H' to obtain information about interrupts.

Copyright (C) 2020 Massachusetts Institute of Technology
This is free software; see the source for copying conditions. There is NO
warranty; not even for MERCHANTABILITY or FITNESS FOR A PARTICULAR PURPOSE.

Image saved on Sunday March 7, 2021 at 3:24:56 PM
  Release 11.2 || SF || LIAR/x86-64

1 ]=> ; Ackermann function
(define (A x y)
  (cond ((= y 0) 0)
        ((= x 0) (* 2 y))
        ((= y 1) 2)
        (else (A (- x 1)
                 (A x (- y 1))))))
;Value: a

1 ]=> (A 1 10)
;Value: 1024

1 ]=> (A 2 4)
;Value: 65536

1 ]=> (A 3 3)
;Value: 65536

1 ]=> (define (f n) (A 0 n))
;Value: f

1 ]=> ;
; (f 3)
; (A 0 3)
; 6
; ==> f(n) = 2 * n

(define (g n) (A 1 n))
;Value: g

1 ]=> ;
; (g 3)
; (A 1 3)
; (A 0 (A 1 2))
; (A 0 (A 0 (A 1 1)))
; (A 0 (A 0 2))
; (A 0 4)
; 8
; ==> g(n) = 2 ^ n

(define (h n) (A 2 n))
;Value: h

1 ]=> ;
; (h 3)
; (A 2 3)
; (A 1 (A 2 2))
; (A 1 (h 2))
; (g (h 2))
; ==> h(n) = 2 ^ h(n-1)
End of input stream reached.
Post proelium, praemium.
