MIT/GNU Scheme running under GNU/Linux
Type `^C' (control-C) followed by `H' to obtain information about interrupts.

Copyright (C) 2020 Massachusetts Institute of Technology
This is free software; see the source for copying conditions. There is NO
warranty; not even for MERCHANTABILITY or FITNESS FOR A PARTICULAR PURPOSE.

Image saved on Sunday March 7, 2021 at 3:24:56 PM
  Release 11.2 || SF || LIAR/x86-64

1 ]=> ; check for non-trivial square root
(define (non-trivial-sqrt k n)
  (define r (remainder (square k) n))
  (if (and (not (= k 1))
           (not (= k (- n 1)))
           (= r 1))
      0
      r))
;Value: non-trivial-sqrt

1 ]=> ; expmod --> (base ^ exp) mod m, includes non-trivial square root check
(define (expmod base exp m)
  (cond ((= exp 0) 1)
        ((even? exp)
         (non-trivial-sqrt (expmod base (/ exp 2) m) m))
        (else
         (remainder (* base (expmod base (- exp 1) m))
                    m))))
;Value: expmod

1 ]=> ; Miller-Rabin Test
(define (miller-rabin-test n)
  (define (try-it a)
    (= (expmod a (- n 1) n) 1))
  (try-it (+ 1 (random (- n 1)))))
;Value: miller-rabin-test

1 ]=> ; Carmichael Numbers --> false
(map miller-rabin-test (list 561 1105 1729 2465 2821 6601))
;Value: (#f #f #f #f #f #f)

1 ]=> ; Known Prime Numbers --> true
(map miller-rabin-test (list 563 1109 1733 2467 2833 6607))
;Value: (#t #t #t #t #t #t)

1 ]=> 
End of input stream reached.
Post proelium, praemium.
