MIT/GNU Scheme running under GNU/Linux
Type `^C' (control-C) followed by `H' to obtain information about interrupts.

Copyright (C) 2020 Massachusetts Institute of Technology
This is free software; see the source for copying conditions. There is NO
warranty; not even for MERCHANTABILITY or FITNESS FOR A PARTICULAR PURPOSE.

Image saved on Sunday March 7, 2021 at 3:24:56 PM
  Release 11.2 || SF || LIAR/x86-64

1 ]=> ; memo-proc procedure
(define (memo-proc proc)
  (let ((already-run? false) (result false))
    (lambda ()
      (if (not already-run?)
          (begin (set! result (proc))
                 (set! already-run? true)
                 result)
          result))))
;Value: memo-proc

1 ]=> ; delay procedure -- create thunk
; (define (delay expr) (lambda () expr))
(define (delay expr) (memo-proc (lambda () expr)))
;Value: delay

1 ]=> ; force procedure -- evaluate thunk
(define (force delayed-expr) (delayed-expr))
;Value: force

1 ]=> ; the-empty-stream defn
(define the-empty-stream '())
;Value: the-empty-stream

1 ]=> ; cons-stream constructor procedure
(define (cons-stream a b) (cons a (delay b)))
;Value: cons-stream

1 ]=> ; stream-car selector procedure
(define (stream-car stream) (car stream))
;Value: stream-car

1 ]=> ; stream-cdr selector procedure
(define (stream-cdr stream) (force (cdr stream)))
;Value: stream-cdr

1 ]=> ; stream-null? predicate procedure
(define (stream-null? stream) (null? stream))
;Value: stream-null?

1 ]=> ; stream-ref procedure
(define (stream-ref s n)
  (if (= n 0)
      (stream-car s)
      (stream-ref (stream-cdr s) (- n 1))))
;Value: stream-ref

1 ]=> #|
 | ; stream-map procedure
 | (define (stream-map proc s)
 |   (if (stream-null? s)
 |       the-empty-stream
 |       (cons-stream (proc (stream-car s))
 |                    (stream-map proc (stream-cdr s)))))
 |#

; stream-for-each procedure
(define (stream-for-each proc s)
  (if (stream-null? s)
      'done
      (begin (proc (stream-car s))
             (stream-for-each proc (stream-cdr s)))))
;Value: stream-for-each

1 ]=> #|
 | ; display-stream procedure
 | (define (display-stream s)
 |   (stream-for-each display-line s))
 |
 | ; display-line procedure
 | (define (display-line x)
 |   (newline)
 |   (display x))
 |#

; display-stream procedure (instructor's manual, augmented)
(define display-stream
  (let ()
    (define (iter stream delim)
      (cond ((stream-null? stream) (display "]"))
            (else (display delim)
                  (display (stream-car stream))
                  (iter (stream-cdr stream) " "))))
    (lambda (stream)
      (newline)
      (display "[")
      (iter stream ""))))
;Value: display-stream

1 ]=> ; stream-enumerate-interval procedure
(define (stream-enumerate-interval low high)
  (if (> low high)
      the-empty-stream
      (cons-stream
       low
       (stream-enumerate-interval (+ low 1) high))))
;Value: stream-enumerate-interval

1 ]=> ; stream-filter procedure
(define (stream-filter pred stream)
  (cond ((stream-null? stream) the-empty-stream)
        ((pred (stream-car stream))
         (cons-stream (stream-car stream)
                      (stream-filter pred
                                     (stream-cdr stream))))
        (else (stream-filter pred (stream-cdr stream)))))
;Value: stream-filter

1 ]=> ; stream-map procedure
(define (stream-map proc . argstreams)
  (if (stream-null? (car argstreams))
      the-empty-stream
      (cons-stream
        (apply proc (map stream-car argstreams))
        (apply stream-map
          (cons proc (map stream-cdr argstreams))))))
;Value: stream-map

1 ]=> ; unit-test -- ยง2.2.3 footnote 12
(define s1 (cons-stream 1 (cons-stream 2 (cons-stream 3 the-empty-stream))))
;Value: s1

1 ]=> (define s2 (cons-stream 40 (cons-stream 50 (cons-stream 60 the-empty-stream))))
;Value: s2

1 ]=> (define s3 (cons-stream 700 (cons-stream 800 (cons-stream 900 the-empty-stream))))
;Value: s3

1 ]=> (display-stream (stream-map + s1 s2 s3))
[741 852 963]
;Unspecified return value

1 ]=> 
End of input stream reached.
Ceterum censeo Carthaginem esse delendam.
