MIT/GNU Scheme running under GNU/Linux
Type `^C' (control-C) followed by `H' to obtain information about interrupts.

Copyright (C) 2020 Massachusetts Institute of Technology
This is free software; see the source for copying conditions. There is NO
warranty; not even for MERCHANTABILITY or FITNESS FOR A PARTICULAR PURPOSE.

Image saved on Sunday March 7, 2021 at 3:24:56 PM
  Release 11.2 || SF || LIAR/x86-64

1 ]=> ; (1 3 (5 7) 9)
(define a (cons 1 (cons 3 (cons (cons 5 (cons 7 '())) (cons 9 '())))))
;Value: a

1 ]=> a
;Value: (1 3 (5 7) 9)

1 ]=> (car (cdr (car (cdr (cdr a)))))
;Value: 7

1 ]=> ; ((7))
(define b (cons (cons 7 '()) '()))
;Value: b

1 ]=> b
;Value: ((7))

1 ]=> (car (car b))
;Value: 7

1 ]=> ; (1 (2 (3 (4 (5 (6 7))))))
(define c (cons 1 (cons (cons 2 (cons (cons 3 (cons (cons 4 (cons (cons 5 (cons (cons 6 (cons 7 '())) '())) '())) '())) '())) '())))
;Value: c

1 ]=> c
;Value: (1 (2 (3 (4 (5 (6 7))))))

1 ]=> (car (cdr (car (cdr (car (cdr (car (cdr (car (cdr (car (cdr c))))))))))))
;Value: 7

1 ]=> 
End of input stream reached.
Fortitudine vincimus.
