MIT/GNU Scheme running under GNU/Linux
Type `^C' (control-C) followed by `H' to obtain information about interrupts.

Copyright (C) 2020 Massachusetts Institute of Technology
This is free software; see the source for copying conditions. There is NO
warranty; not even for MERCHANTABILITY or FITNESS FOR A PARTICULAR PURPOSE.

Image saved on Sunday March 7, 2021 at 3:24:56 PM
  Release 11.2 || SF || LIAR/x86-64

1 ]=> ; 
; The following procedure produces the answer list in reverse order because
; it iterates through things from front to back, but it accumulates answer by
; cons'ing a list from back to front.

(define (square-list items)
  (define (iter things answer)
    (if (null? things)
        answer
        (iter (cdr things) 
              (cons (square (car things))
                    answer))))
  (iter items '()))
;Value: square-list

1 ]=> (square-list (list 1 2 3 4 5))
;Value: (25 16 9 4 1)

1 ]=> ;
; The following procedure now produces a mirrored structure of a sequence:
; where the (cdr answer) has value (square item), not (car answer).

(define (square-list items)
  (define (iter things answer)
    (if (null? things)
        answer
        (iter (cdr things)
              (cons answer
                    (square (car things))))))
  (iter items '()))
;Value: square-list

1 ]=> (square-list (list 1 2 3 4 5))
;Value: (((((() . 1) . 4) . 9) . 16) . 25)

1 ]=> 
End of input stream reached.
Post proelium, praemium.
