MIT/GNU Scheme running under GNU/Linux
Type `^C' (control-C) followed by `H' to obtain information about interrupts.

Copyright (C) 2020 Massachusetts Institute of Technology
This is free software; see the source for copying conditions. There is NO
warranty; not even for MERCHANTABILITY or FITNESS FOR A PARTICULAR PURPOSE.

Image saved on Sunday March 7, 2021 at 3:24:56 PM
  Release 11.2 || SF || LIAR/x86-64

1 ]=> ; cycle? predicate procedure (Floyd's cycle-finding algorithm)
(define (cycle? x)
  (define (safe-cdr e)
    (if (pair? e)
        (cdr e)
        '()))
  (define (iter a b)
    (cond ((null? a) false)
          ((null? b) false)
          ((eq? a b) true)
          (else (iter (safe-cdr a) (safe-cdr (safe-cdr b))))))
  (iter (safe-cdr x) (safe-cdr (safe-cdr x))))
;Value: cycle?

1 ]=> ;
;      ┌─┐    ┌─┐    ┌─┐    ┌─┐    ┌─┐    ┌─┐
;      │a│    │b│    │c│    │e│    │f│    │g│
;      └─┘    └─┘    └─┘    └─┘    └─┘    └─┘
;       Λ      Λ      Λ      Λ      Λ      Λ
;      ┌┼┬─┐  ┌┼┬─┐  ┌┼┬─┐  ┌┼┬─┐  ┌┼┬─┐  ┌┼┬─┐
;  w ─>│•│•┼─>│•│•┼─>│•│•┼─>│•│•┼─>│•│•┼─>│•│╱│
;      └─┴─┘  └─┴─┘  └─┴─┘  └─┴─┘  └─┴─┘  └─┴─┘
;

(define w (list 'a 'b 'c 'e 'f 'g))
;Value: w

1 ]=> (cycle? w)
;Value: #f

1 ]=> ;
;      ┌─┐    ┌─┐    ┌─┐    ┌─┐    ┌─┐    ┌─┐
;      │a│    │b│    │c│    │e│    │f│    │g│
;      └─┘    └─┘    └─┘    └─┘    └─┘    └─┘
;       Λ      Λ      Λ      Λ      Λ      Λ
;      ┌┼┬─┐  ┌┼┬─┐  ┌┼┬─┐  ┌┼┬─┐  ┌┼┬─┐  ┌┼┬─┐
;  x ─>│•│•┼─>│•│•┼─>│•│•┼─>│•│•┼─>│•│•┼─>│•│•┼┐
;      └─┴─┘  └─┴─┘  └─┴─┘  └─┴─┘  └─┴─┘  └─┴─┘│
;       Λ                                      │
;       └──────────────────────────────────────┘

(define x (list 'a 'b 'c 'e 'f 'g))
;Value: x

1 ]=> (set-cdr! (last-pair x) x)
;Unspecified return value

1 ]=> (cycle? x)
;Value: #t

1 ]=> ;
;      ┌─┐    ┌─┐    ┌─┐    ┌─┐    ┌─┐    ┌─┐
;      │a│    │b│    │c│    │e│    │f│    │g│
;      └─┘    └─┘    └─┘    └─┘    └─┘    └─┘
;       Λ      Λ      Λ      Λ      Λ      Λ
;      ┌┼┬─┐  ┌┼┬─┐  ┌┼┬─┐  ┌┼┬─┐  ┌┼┬─┐  ┌┼┬─┐
;  y ─>│•│•┼─>│•│•┼─>│•│•┼─>│•│•┼─>│•│•┼─>│•│•┼┐
;      └─┴─┘  └─┴─┘  └─┴─┘  └─┴─┘  └─┴─┘  └─┴─┘│
;                     Λ                        │
;                     └────────────────────────┘

(define y (list 'a 'b 'c 'e 'f 'g))
;Value: y

1 ]=> (set-cdr! (last-pair y) (cddr y))
;Unspecified return value

1 ]=> (cycle? y)
;Value: #t

1 ]=> ;
;      ┌─┐    ┌─┐    ┌─┐    ┌─┐    ┌─┐    ┌─┐
;      │a│    │b│    │c│    │e│    │f│    │g│
;      └─┘    └─┘    └─┘    └─┘    └─┘    └─┘
;       Λ      Λ      Λ      Λ      Λ      Λ
;      ┌┼┬─┐  ┌┼┬─┐  ┌┼┬─┐  ┌┼┬─┐  ┌┼┬─┐  ┌┼┬─┐
;  z ─>│•│•┼─>│•│•┼─>│•│•┼─>│•│•┼─>│•│•┼─>│•│•┼┐
;      └─┴─┘  └─┴─┘  └─┴─┘  └─┴─┘  └─┴─┘  └─┴─┘│
;                                          Λ   │
;                                          └───┘

(define z (list 'a 'b 'c 'e 'f 'g))
;Value: z

1 ]=> (set-cdr! (last-pair z) (last-pair z))
;Unspecified return value

1 ]=> (cycle? z)
;Value: #t

1 ]=> 
End of input stream reached.
..#]^@^@^@ NO CARRIER
