MIT/GNU Scheme running under GNU/Linux
Type `^C' (control-C) followed by `H' to obtain information about interrupts.

Copyright (C) 2020 Massachusetts Institute of Technology
This is free software; see the source for copying conditions. There is NO
warranty; not even for MERCHANTABILITY or FITNESS FOR A PARTICULAR PURPOSE.

Image saved on Sunday March 7, 2021 at 3:24:56 PM
  Release 11.2 || SF || LIAR/x86-64

1 ]=> (define (add-interval x y)
  (make-interval (+ (lower-bound x) (lower-bound y))
                 (+ (upper-bound x) (upper-bound y))))
;Value: add-interval

1 ]=> (define (sub-interval x y)
  (make-interval (- (lower-bound x) (lower-bound y))
                 (- (upper-bound x) (upper-bound y))))
;Value: sub-interval

1 ]=> (define (mul-interval x y)
  (let ((p1 (* (lower-bound x) (lower-bound y)))
        (p2 (* (lower-bound x) (upper-bound y)))
        (p3 (* (upper-bound x) (lower-bound y)))
        (p4 (* (upper-bound x) (upper-bound y))))
    (make-interval (min p1 p2 p3 p4)
                   (max p1 p2 p3 p4))))
;Value: mul-interval

1 ]=> (define (div-interval x y)
  (if (and (<= (lower-bound y) 0)
           (>= (upper-bound y) 0))
      (error "div-interval: divisor interval spans zero")
      (mul-interval x
                    (make-interval (/ 1.0 (upper-bound y))
                                   (/ 1.0 (lower-bound y))))))
;Value: div-interval

1 ]=> (define (width-interval ival)
  (/ (- (upper-bound ival) (lower-bound ival)) 2.0))
;Value: width-interval

1 ]=> (define (make-interval a b) (cons a b))
;Value: make-interval

1 ]=> (define (lower-bound ival) (car ival))
;Value: lower-bound

1 ]=> (define (upper-bound ival) (cdr ival))
;Value: upper-bound

1 ]=> (define ival1 (make-interval 2 3))
;Value: ival1

1 ]=> (define ival2 (make-interval 5 7))
;Value: ival2

1 ]=> (define ival3 (make-interval -1 4))
;Value: ival3

1 ]=> ; unit tests for div-interval
(div-interval ival1 ival2)
;Value: (.2857142857142857 . .6000000000000001)

1 ]=> (div-interval ival1 ival3)
;div-interval: divisor interval spans zero
;To continue, call RESTART with an option number:
; (RESTART 1) => Return to read-eval-print level 1.

2 error> (restart 1)
;Abort!

1 ]=> 
End of input stream reached.
Moriturus te salutat.
