MIT/GNU Scheme running under GNU/Linux
Type `^C' (control-C) followed by `H' to obtain information about interrupts.

Copyright (C) 2020 Massachusetts Institute of Technology
This is free software; see the source for copying conditions. There is NO
warranty; not even for MERCHANTABILITY or FITNESS FOR A PARTICULAR PURPOSE.

Image saved on Sunday March 7, 2021 at 3:24:56 PM
  Release 11.2 || SF || LIAR/x86-64

1 ]=> ; iterative process
(define (cont-frac n d k)
  (define (iter i acc)
    (if (= i 0)
        acc
        (iter (- i 1) (/ (n i) (+ (d i) acc)))))
  (iter k 0))
;Value: cont-frac

1 ]=> ; numerator of continued fraction expansion for e - 2
(define (n i) 1.0)
;Value: n

1 ]=> ; denominator of continued fraction expansion for e - 2
(define (d i)
  (let ((q (floor (/ (- i 1) 3)))
        (r (remainder (- i 1) 3)))
       (cond ((= r 0) 1)
             ((= r 2) 1)
             (else (* (+ q 1) 2)))))
;Value: d

1 ]=> ; unit test of (d i)
(map d '(1 2 3 4 5 6 7 8 9 10 11 12))
;Value: (1 2 1 1 4 1 1 6 1 1 8 1)

1 ]=> ; e - 2 = 0.718281828
(cont-frac n d 16)
;Value: .7182818284585635

1 ]=> 
End of input stream reached.
Happy happy joy joy!
