MIT/GNU Scheme running under GNU/Linux
Type `^C' (control-C) followed by `H' to obtain information about interrupts.

Copyright (C) 2020 Massachusetts Institute of Technology
This is free software; see the source for copying conditions. There is NO
warranty; not even for MERCHANTABILITY or FITNESS FOR A PARTICULAR PURPOSE.

Image saved on Sunday March 7, 2021 at 3:24:56 PM
  Release 11.2 || SF || LIAR/x86-64

1 ]=> ;
; Intervals A and B are defined as follows:

; A ==> C_A ± p_A %
; B ==> C_B ± p_B %
;
; The "radii" for intervals A and B are respectively:

; r_A = (p_A / 100) * C_A
; r_B = (p_B / 100) * C_B
;
; The intervals A and B have lower and upper bounds of:
;
; A : [C_A - r_A, C_A + r_A]
; B : [C_B - r_B, C_B + r_B]
;
; We can assume that p_A, p_B are small (given) and all variables are positive
; integers (given). Calculating the product of intervals A nd B yields:
;
; A * B = [(C_A - r_A) * (C_B - r_B), (C_A - r_A) * (C_B - r_B)]
;       = [(C_A * C_B) - (C_A * r_B) - (C_B * r_A) + (r_A * r_b),
;          (C_A * C_B) + (C_A * r_B) + (C_B * r_A) + (r_A * r_b)]
;       = [(C_A * C_B) - (C_A * C_B * (p_B / 100)) - (C_A * C_B * (p_A / 100)) + (C_A * C_B * (p_A / 100) * (p_B / 100)),
;          (C_A * C_B) + (C_A * C_B * (p_B / 100)) + (C_A * C_B * (p_A / 100)) + (C_A * C_B * (p_A / 100) * (p_B / 100))]
;       = [(C_A * C_B) - (C_A * C_B * ((p_B + p_A) / 100) + (C_A * C_B * (p_A / 100) * (p_B / 100)),
;          (C_A * C_B) + (C_A * C_B * ((p_B + p_A) / 100) + (C_A * C_B * (p_A / 100) * (p_B / 100))]
;
; Since the product of two small numbers is a very small number, the last term
; in each bound is negligible. This yields the following:
;
; A * B ~ [(C_A * C_B) - (C_A * C_B) * ((p_A + p_B) / 100),
;          (C_A * C_B) + (C_A * C_B) * ((p_A + p_B) / 100)]
;
; We can now see the same pattern as before with the individual intervals:
;
; C_AB ~ C_A * C_B
; p_AB ~ p_A + p_B
; r_AB ~ C_AB * (p_AB / 100)
;
; Substitution yields:
;
; A * B ~ [C_AB - r_AB, C_AB + r_AB]
;

(define (add-interval x y)
  (make-interval (+ (lower-bound x) (lower-bound y))
                 (+ (upper-bound x) (upper-bound y))))
;Value: add-interval

1 ]=> (define (sub-interval x y)
  (make-interval (- (lower-bound x) (lower-bound y))
                 (- (upper-bound x) (upper-bound y))))
;Value: sub-interval

1 ]=> (define (mul-interval x y)
  (let ((p1 (* (lower-bound x) (lower-bound y)))
        (p2 (* (lower-bound x) (upper-bound y)))
        (p3 (* (upper-bound x) (lower-bound y)))
        (p4 (* (upper-bound x) (upper-bound y))))
    (make-interval (min p1 p2 p3 p4)
                   (max p1 p2 p3 p4))))
;Value: mul-interval

1 ]=> (define (div-interval x y)
  (if (and (<= (lower-bound y) 0)
           (>= (upper-bound y) 0))
      (error "div-interval: divisor interval spans zero")
      (mul-interval x
                    (make-interval (/ 1.0 (upper-bound y))
                                   (/ 1.0 (lower-bound y))))))
;Value: div-interval

1 ]=> (define (width-interval ival)
  (/ (- (upper-bound ival) (lower-bound ival)) 2.0))
;Value: width-interval

1 ]=> (define (eq-interval? x y)
  (and (= (lower-bound x) (lower-bound y))
       (= (upper-bound x) (upper-bound y))))
;Value: eq-interval?

1 ]=> (define (make-interval a b)
  (if (<= a b)
      (cons a b)
      (error "make-interval: lower bound greater than upper bound")))
;Value: make-interval

1 ]=> (define (lower-bound ival) (car ival))
;Value: lower-bound

1 ]=> (define (upper-bound ival) (cdr ival))
;Value: upper-bound

1 ]=> ; constructors and selectors
(define (make-center-percent c p)
  (let ((k (* (abs c) (/ p 100.0))))
    (make-interval (- c k) (+ c k))))
;Value: make-center-percent

1 ]=> (define (center i)
  (/ (+ (lower-bound i) (upper-bound i)) 2.0))
;Value: center

1 ]=> (define (percent i)
  (define (width i)
    (/ (- (upper-bound i) (lower-bound i)) 2.0))
  (* (/ (width i) (center i)) 100.0))
;Value: percent

1 ]=> (define (mul-interval-approx-center x y)
  (* (center x) (center y)))
;Value: mul-interval-approx-center

1 ]=> (define (mul-interval-approx-percent x y)
  (+ (percent x) (percent y)))
;Value: mul-interval-approx-percent

1 ]=> (define i1 (make-center-percent 23.5 0.07))
;Value: i1

1 ]=> (define i2 (make-center-percent 31.4 0.16))
;Value: i2

1 ]=> (define i3 (mul-interval i1 i2))
;Value: i3

1 ]=> (center i3)
;Value: 737.900826448

1 ]=> (percent i3)
;Value: .22999974240027693

1 ]=> (mul-interval-approx-center i1 i2)
;Value: 737.9

1 ]=> (mul-interval-approx-percent i1 i2)
;Value: .22999999999999154

1 ]=> 
End of input stream reached.
Post proelium, praemium.
