MIT/GNU Scheme running under GNU/Linux
Type `^C' (control-C) followed by `H' to obtain information about interrupts.

Copyright (C) 2020 Massachusetts Institute of Technology
This is free software; see the source for copying conditions. There is NO
warranty; not even for MERCHANTABILITY or FITNESS FOR A PARTICULAR PURPOSE.

Image saved on Sunday March 7, 2021 at 3:24:56 PM
  Release 11.2 || SF || LIAR/x86-64

1 ]=> ;
; Original queens procedure:
; ##########################
;
; (define (queens board-size)
;   (define (queen-cols k)
;     (if (= k 0)
;         (list empty-board)
;         (filter
;          (lambda (positions) (safe? k positions))
;          (flatmap
;           (lambda (rest-of-queens)
;             (map (lambda (new-row)
;                    (adjoin-position new-row k rest-of-queens))
;                  (enumerate-interval 1 board-size)))
;           (queen-cols (- k 1))))))
;   (queen-cols board-size))
;
;   Let board-size = n, then:
;
;   k     T(k) for (queen-cols k)
;   -----------------------------
;   0     1
;   1     n * T(0)
;   2     n * T(1)
;   3     n * T(2)
;   4     n * T(3)
;   ...
;   k     n * T(k-1)
;   -----------------------------
;   T(n) = n*T(n-1) + n*T(n-2) + ... + 1
;   
;   (queens n) --> O(n^n)
;
;
; Modified queens procedure:
; ##########################
;
; (define (queens board-size)
;   (define (queen-cols k)
;     (if (= k 0)
;         (list empty-board)
;         (filter
;          (lambda (positions) (safe? k positions))
;          (flatmap
;           (lambda (rest-of-queens)
;             (map (lambda (new-row)
;                    (adjoin-position new-row k rest-of-queens))
;                  (queen-cols (- k 1))))
;           (enumerate-interval 1 board-size)))))
;   (queen-cols board-size))
;
;   Let board-size = n, then:
;
;   k     T(k) for (queen-cols k)
;   -----------------------------
;   0     1
;   1     n ^ T(0)
;   2     n ^ T(1)
;   3     n ^ T(2)
;   4     n ^ T(3)
;   ...
;   k     n ^ T(k-1)
;   -----------------------------
;   T(n) = n^T(n-1) + n^T(n-2) + ... + 1
;
;   (queens n) --> O(n^n^...^n) (n-times)
;
End of input stream reached.
Post proelium, praemium.
