MIT/GNU Scheme running under GNU/Linux
Type `^C' (control-C) followed by `H' to obtain information about interrupts.

Copyright (C) 2020 Massachusetts Institute of Technology
This is free software; see the source for copying conditions. There is NO
warranty; not even for MERCHANTABILITY or FITNESS FOR A PARTICULAR PURPOSE.

Image saved on Sunday March 7, 2021 at 3:24:56 PM
  Release 11.2 || SF || LIAR/x86-64

1 ]=> ; reverse : 'a list -> 'a list
; REQUIRES: true
; ENSURES: (reverse xs) ==>* list containing exactly the elements of xs, in the
;          opposite order they appeared in xs
(define (reverse xs)
  (define (trev xs acc)
    (if (null? xs)
        acc
        (trev (cdr xs) (cons (car xs) acc))))
  (trev xs (list)))
;Value: reverse

1 ]=> ; unit test of reverse/trev
(reverse (list 1 4 9 16 25))
;Value: (25 16 9 4 1)

1 ]=> 
End of input stream reached.
Fortitudine vincimus.
