MIT/GNU Scheme running under GNU/Linux
Type `^C' (control-C) followed by `H' to obtain information about interrupts.

Copyright (C) 2020 Massachusetts Institute of Technology
This is free software; see the source for copying conditions. There is NO
warranty; not even for MERCHANTABILITY or FITNESS FOR A PARTICULAR PURPOSE.

Image saved on Sunday March 7, 2021 at 3:24:56 PM
  Release 11.2 || SF || LIAR/x86-64

1 ]=> ; make-from-real-imag procedure
(define (make-from-real-imag x y)
  (define (dispatch op)
    (cond ((eq? op 'real-part) x)
          ((eq? op 'imag-part) y)
          ((eq? op 'magnitude)
           (sqrt (+ (square x) (square y))))
          ((eq? op 'angle) (atan y x))
          (else
           (error "Unknown op -- MAKE-FROM-REAL-IMAG" op))))
  dispatch)
;Value: make-from-real-imag

1 ]=> ; make-from-mag-ang procedure
(define (make-from-mag-ang r a)
  (define (dispatch op)
    (cond ((eq? op 'real-part) (* r (cos a)))
          ((eq? op 'imag-part) (* r (sin a)))
          ((eq? op 'magnitude) r)
          ((eq? op 'angle) a)
          (else
           (error "Unknown op -- MAKE-FROM-MAG-ANG" op))))
  dispatch)
;Value: make-from-mag-ang

1 ]=> (define (apply-generic op arg) (arg op))
;Value: apply-generic

1 ]=> 
End of input stream reached.
Ceterum censeo Carthaginem esse delendam.
