MIT/GNU Scheme running under GNU/Linux
Type `^C' (control-C) followed by `H' to obtain information about interrupts.

Copyright (C) 2020 Massachusetts Institute of Technology
This is free software; see the source for copying conditions. There is NO
warranty; not even for MERCHANTABILITY or FITNESS FOR A PARTICULAR PURPOSE.

Image saved on Sunday March 7, 2021 at 3:24:56 PM
  Release 11.2 || SF || LIAR/x86-64

1 ]=> (define nil '())
;Value: nil

1 ]=> (define (tree-map proc tree)
  (cond ((null? tree) nil)
        ((not (pair? tree)) (proc tree))
        (else (cons (tree-map proc (car tree))
                    (tree-map proc (cdr tree))))))
;Value: tree-map

1 ]=> (define (square-tree tree) (tree-map square tree))
;Value: square-tree

1 ]=> (square-tree
 (list 1
       (list 2 (list 3 4) 5)
       (list 6 7)))
;Value: (1 (4 (9 16) 25) (36 49))

1 ]=> 
End of input stream reached.
Pulvis et umbra sumus.
