MIT/GNU Scheme running under GNU/Linux
Type `^C' (control-C) followed by `H' to obtain information about interrupts.

Copyright (C) 2020 Massachusetts Institute of Technology
This is free software; see the source for copying conditions. There is NO
warranty; not even for MERCHANTABILITY or FITNESS FOR A PARTICULAR PURPOSE.

Image saved on Sunday March 7, 2021 at 3:24:56 PM
  Release 11.2 || SF || LIAR/x86-64

1 ]=> ;
; Exercise introducing dotted-tail notation in Lisp/Scheme

;
; same-parity : 'a list -> 'a list
; REQUIRES: xs is a non-empty list
; ENSURES: (same-parity x_1 x_2 .... x_n) ==> (x_1 y_1 y_2 ... y_k) such that
;          for all y_k in (x_2 x_3 ... x_n), x_1 and y_k are all even or odd
(define (same-parity . xs)
  (define (make-pred f v) (lambda (x) (= (f x) (f v))))
  (define (parity x) (remainder x 2))
  (define (filter pred? xs)
    (cond ((null? xs) xs)
          ((pred? (car xs)) (cons (car xs) (filter pred? (cdr xs))))
          (else (filter pred? (cdr xs)))))
    (filter (make-pred parity (car xs)) xs))
;Value: same-parity

1 ]=> ; same-parity unit tests
(same-parity 1 2 3 4 5 6 7)
;Value: (1 3 5 7)

1 ]=> (same-parity 2 3 4 5 6 7)
;Value: (2 4 6)

1 ]=> 
End of input stream reached.
Ceterum censeo Carthaginem esse delendam.
