MIT/GNU Scheme running under GNU/Linux
Type `^C' (control-C) followed by `H' to obtain information about interrupts.

Copyright (C) 2020 Massachusetts Institute of Technology
This is free software; see the source for copying conditions. There is NO
warranty; not even for MERCHANTABILITY or FITNESS FOR A PARTICULAR PURPOSE.

Image saved on Sunday March 7, 2021 at 3:24:56 PM
  Release 11.2 || SF || LIAR/x86-64

1 ]=> (define tolerance 0.00001)
;Value: tolerance

1 ]=> (define (fixed-point f first-guess)
  (define (close-enough? v1 v2)
    (< (abs (- v1 v2)) tolerance))
  (define (try guess)
    (let ((next (f guess)))
      (if (close-enough? guess next)
          next
          (try next))))
  (try first-guess))
;Value: fixed-point

1 ]=> (define (average x y) (/ (+ x y) 2))
;Value: average

1 ]=> (define (average-damp f)
  (lambda (x) (average x (f x))))
;Value: average-damp

1 ]=> (define (fixed-point-of-transform g transform guess)
  (fixed-point (transform g) guess))
;Value: fixed-point-of-transform

1 ]=> (define (compose f g)
  (lambda (x) (f (g x))))
;Value: compose

1 ]=> (define (id x) x)
;Value: id

1 ]=> (define (repeated f n)
  (define (iter f i acc)
    (if (> i n)
      acc
      (iter f (+ i 1) (compose f acc))))
  (iter f 1 id))
;Value: repeated

1 ]=> (define (root n)
  (lambda (x)
    (fixed-point-of-transform (lambda (y) (/ x (expt y (- n 1))))
                              (repeated average-damp (quotient n 2))
                              1.0)))
;Value: root

1 ]=> ; ((root 4) 81) --> 3
((root 4) 81)
;Value: 3.000000000000033

1 ]=> ; ((root 9) 40353607) --> 7
((root 9) 40353607)
;Value: 7.00000438970436

1 ]=> 
End of input stream reached.
Moriturus te salutat.
