MIT/GNU Scheme running under GNU/Linux
Type `^C' (control-C) followed by `H' to obtain information about interrupts.

Copyright (C) 2020 Massachusetts Institute of Technology
This is free software; see the source for copying conditions. There is NO
warranty; not even for MERCHANTABILITY or FITNESS FOR A PARTICULAR PURPOSE.

Image saved on Sunday March 7, 2021 at 3:24:56 PM
  Release 11.2 || SF || LIAR/x86-64

1 ]=> ; entry selector procedure
(define (entry tree) (car tree))
;Value: entry

1 ]=> ; left-branch selector procedure
(define (left-branch tree) (cadr tree))
;Value: left-branch

1 ]=> ; right-branch selector procedure
(define (right-branch tree) (caddr tree))
;Value: right-branch

1 ]=> ; make-tree constructor procedure
(define (make-tree entry left right)
  (list entry left right))
;Value: make-tree

1 ]=> ; element-of-set? predicate procedure
(define (element-of-set? x set)
  (cond ((null? set) false)
        ((= x (entry set)) true)
        ((< x (entry set))
         (element-of-set? x (left-branch set)))
        ((> x (entry set))
         (element-of-set? x (right-branch set)))))
;Value: element-of-set?

1 ]=> ; adjoin-set procedure
(define (adjoin-set x set)
  (cond ((null? set) (make-tree x '() '()))
        ((= x (entry set)) set)
        ((< x (entry set))
         (make-tree (entry set)
                    (adjoin-set x (left-branch set))
                    (right-branch set)))
        ((> x (entry set))
         (make-tree (entry set)
                    (left-branch set)
                    (adjoin-set x (right-branch set))))))
;Value: adjoin-set

1 ]=> ; list->tree procedure
(define (list->tree elements)
  (car (partial-tree elements (length elements))))
;Value: list->tree

1 ]=> ; partial-tree procedure
(define (partial-tree elts n)
  (if (= n 0)
      (cons '() elts)
      (let ((left-size (quotient (- n 1) 2)))
        (let ((left-result (partial-tree elts left-size)))
          (let ((left-tree (car left-result))
                (non-left-elts (cdr left-result))
                (right-size (- n (+ left-size 1))))
            (let ((this-entry (car non-left-elts))
                  (right-result (partial-tree (cdr non-left-elts)
                                              right-size)))
              (let ((right-tree (car right-result))
                    (remaining-elts (cdr right-result)))
                (cons (make-tree this-entry left-tree right-tree)
                      remaining-elts))))))))
;Value: partial-tree

1 ]=> ;
; Part (a)
; ########
; 1. At each level of recursion, partial-tree returns a balanced binary tree
;    for the n items in elts.
; 2. partial-tree builds a balanced subtree from right to left.
; 3. Subsequent subtrees are then recursively built
;
;                                        5
;                                      /   \
; (list->tree '(1 3 5 7 9 11)) --->   1     9
;                                      \   / \
;                                       3 7  11

(define (indent d)
  (if (= d 0)
      (display "")
      ((lambda ()
         (display "  ")
         (indent (- d 1))))))
;Value: indent

1 ]=> (define (print-tree tree d)
  (newline)
  (indent d)
  (if (not (null? tree))
      ((lambda ()
         (display (entry tree))
         (print-tree (left-branch tree) (+ d 1))
         (print-tree (right-branch tree) (+ d 1))))
      (display "nil")))
;Value: print-tree

1 ]=> (print-tree (list->tree '(1 3 5 7 9 11)) 0)
5
  1
    nil
    3
      nil
      nil
  9
    7
      nil
      nil
    11
      nil
      nil
;Unspecified return value

1 ]=> ;
; Part (b)
; ########
; W_i = 2*W(n/(2^i)) + k1
;
; log(n)
; Σ(W_i) = k1*(2^i) ==> O(n)  (geometric series)
; i = 0
End of input stream reached.
..#]^@^@^@ NO CARRIER
