MIT/GNU Scheme running under GNU/Linux
Type `^C' (control-C) followed by `H' to obtain information about interrupts.

Copyright (C) 2020 Massachusetts Institute of Technology
This is free software; see the source for copying conditions. There is NO
warranty; not even for MERCHANTABILITY or FITNESS FOR A PARTICULAR PURPOSE.

Image saved on Sunday March 7, 2021 at 3:24:56 PM
  Release 11.2 || SF || LIAR/x86-64

1 ]=> (define (cube x) (* x x x))
;Value: cube

1 ]=> (define (p x) (- (* 3 x) (* 4 (cube x))))
;Value: p

1 ]=> (define (sine angle)
  (if (not (> (abs angle) 0.1))
      angle
      (p (sine (/ angle 3.0)))))
;Value: sine

1 ]=> ;
; (sine 12.15)
; (p (sine 4.05))
; (p (p (sine 1.35)))
; (p (p (p (sine 0.45))))
; (p (p (p (p (sine 0.15)))))
; (p (p (p (p (p (sine 0.05))))))
; (p (p (p (p (p 0.05)))))
; (p (p (p (p 0.1495))))
; (p (p (p 0.435134551)))
; (p (p 0.975846534))
; (p -0.789563119)
; -0.399803437
;
; a) p is applied 5 times when computing (sine 12.15)
; b) Time complexity --> T(a) = O(log3(a))
;    Space Complexity --> S(a) = O(log3(a))

(sine 12.15)
;Value: -.39980345741334

1 ]=> 
End of input stream reached.
Post proelium, praemium.
