MIT/GNU Scheme running under GNU/Linux
Type `^C' (control-C) followed by `H' to obtain information about interrupts.

Copyright (C) 2020 Massachusetts Institute of Technology
This is free software; see the source for copying conditions. There is NO
warranty; not even for MERCHANTABILITY or FITNESS FOR A PARTICULAR PURPOSE.

Image saved on Sunday March 7, 2021 at 3:24:56 PM
  Release 11.2 || SF || LIAR/x86-64

1 ]=> ;
; Appending '-impl' tag to sorted-list set representation procedures.

; element-of-set-impl? predicate procedure
(define (element-of-set-impl? x set)
  (cond ((null? set) false)
        ((= x (car set)) true)
        ((< x (car set)) false)
        (else (element-of-set-impl? x (cdr set)))))
;Value: element-of-set-impl?

1 ]=> ; adjoin-set-impl procedure
(define (adjoin-set-impl x set)
  (cond ((null? set) (cons x set))
        ((< x (car set)) (cons x set))
        ((= x (car set)) set)
        (else (cons (car set) (adjoin-set-impl x (cdr set))))))
;Value: adjoin-set-impl

1 ]=> ; intersection-set-impl procedure
(define (intersection-set-impl set1 set2)
  (if (or (null? set1) (null? set2))
      '()
      (let ((x1 (car set1)) (x2 (car set2)))
        (cond ((= x1 x2)
               (cons x1
                     (intersection-set-impl (cdr set1)
                                            (cdr set2))))
              ((< x1 x2)
               (intersection-set-impl (cdr set1) set2))
              ((< x2 x1)
               (intersection-set-impl set1 (cdr set2)))))))
;Value: intersection-set-impl

1 ]=> ; union-set-impl procedure
(define (union-set-impl set1 set2)
  (cond ((null? set1) set2)
        ((null? set2) set1)
        ((< (car set1) (car set2)) (cons (car set1)
                                         (union-set-impl (cdr set1) set2)))
        ((= (car set1) (car set2)) (union-set-impl (cdr set1) set2))
        ((> (car set1) (car set2)) (cons (car set2)
                                         (union-set-impl set1 (cdr set2))))))
;Value: union-set-impl

1 ]=> ; entry selector procedure
(define (entry tree) (car tree))
;Value: entry

1 ]=> ; left-branch selector procedure
(define (left-branch tree) (cadr tree))
;Value: left-branch

1 ]=> ; right-branch selector procedure
(define (right-branch tree) (caddr tree))
;Value: right-branch

1 ]=> ; make-tree constructor procedure
(define (make-tree entry left right)
  (list entry left right))
;Value: make-tree

1 ]=> ; element-of-set? predicate procedure
(define (element-of-set? x set)
  (cond ((null? set) false)
        ((= x (entry set)) true)
        ((< x (entry set))
         (element-of-set? x (left-branch set)))
        ((> x (entry set))
         (element-of-set? x (right-branch set)))))
;Value: element-of-set?

1 ]=> ; adjoin-set procedure
(define (adjoin-set x set)
  (cond ((null? set) (make-tree x '() '()))
        ((= x (entry set)) set)
        ((< x (entry set))
         (make-tree (entry set)
                    (adjoin-set x (left-branch set))
                    (right-branch set)))
        ((> x (entry set))
         (make-tree (entry set)
                    (left-branch set)
                    (adjoin-set x (right-branch set))))))
;Value: adjoin-set

1 ]=> ; tree->list procedure
(define (tree->list tree)
  (define (copy-to-list tree result-list)
    (if (null? tree)
        result-list
        (copy-to-list (left-branch tree)
                      (cons (entry tree)
                            (copy-to-list (right-branch tree)
                                          result-list)))))
  (copy-to-list tree '()))
;Value: tree->list

1 ]=> ; list->tree procedure
(define (list->tree elements)
  (car (partial-tree elements (length elements))))
;Value: list->tree

1 ]=> ; partial-tree procedure
(define (partial-tree elts n)
  (if (= n 0)
      (cons '() elts)
      (let ((left-size (quotient (- n 1) 2)))
        (let ((left-result (partial-tree elts left-size)))
          (let ((left-tree (car left-result))
                (non-left-elts (cdr left-result))
                (right-size (- n (+ left-size 1))))
            (let ((this-entry (car non-left-elts))
                  (right-result (partial-tree (cdr non-left-elts)
                                              right-size)))
              (let ((right-tree (car right-result))
                    (remaining-elts (cdr right-result)))
                (cons (make-tree this-entry left-tree right-tree)
                      remaining-elts))))))))
;Value: partial-tree

1 ]=> ; intersection-set procedure
(define (intersection-set set1 set2)
  (let ((A (tree->list set1)) (B (tree->list set2)))
    (list->tree (intersection-set-impl A B))))
;Value: intersection-set

1 ]=> ; union-set procedure
(define (union-set set1 set2)
  (let ((A (tree->list set1)) (B (tree->list set2)))
    (list->tree (union-set-impl A B))))
;Value: union-set

1 ]=> ; indent procedure
(define (indent d)
  (if (= d 0)
      (display "")
      ((lambda ()
         (display "  ")
         (indent (- d 1))))))
;Value: indent

1 ]=> ; print-tree procedure
(define (print-tree tree d)
  (newline)
  (indent d)
  (if (not (null? tree))
      ((lambda ()
         (display (entry tree))
         (print-tree (left-branch tree) (+ d 1))
         (print-tree (right-branch tree) (+ d 1))))
      (display "nil")))
;Value: print-tree

1 ]=> ; intersection-set and union-set unit tests
(define set1 (list->tree '(3 4 9 17 22 26 35 42)))
;Value: set1

1 ]=> (define set2 (list->tree '(0 1 4 7 16 22 23 26 31)))
;Value: set2

1 ]=> (define set3 (intersection-set set1 set2))
;Value: set3

1 ]=> (define set4 (union-set set1 set2))
;Value: set4

1 ]=> (print-tree set1 0)
17
  4
    3
      nil
      nil
    9
      nil
      nil
  26
    22
      nil
      nil
    35
      nil
      42
        nil
        nil
;Unspecified return value

1 ]=> (print-tree set2 0)
16
  1
    0
      nil
      nil
    4
      nil
      7
        nil
        nil
  23
    22
      nil
      nil
    26
      nil
      31
        nil
        nil
;Unspecified return value

1 ]=> (print-tree set3 0)
22
  4
    nil
    nil
  26
    nil
    nil
;Unspecified return value

1 ]=> (print-tree set4 0)
16
  3
    0
      nil
      1
        nil
        nil
    7
      4
        nil
        nil
      9
        nil
        nil
  26
    22
      17
        nil
        nil
      23
        nil
        nil
    35
      31
        nil
        nil
      42
        nil
        nil
;Unspecified return value

1 ]=> 
End of input stream reached.
Pulvis et umbra sumus.
