MIT/GNU Scheme running under GNU/Linux
Type `^C' (control-C) followed by `H' to obtain information about interrupts.

Copyright (C) 2020 Massachusetts Institute of Technology
This is free software; see the source for copying conditions. There is NO
warranty; not even for MERCHANTABILITY or FITNESS FOR A PARTICULAR PURPOSE.

Image saved on Sunday March 7, 2021 at 3:24:56 PM
  Release 11.2 || SF || LIAR/x86-64

1 ]=> (define (even? n)
  (= (remainder n 2) 0))
;Value: even?

1 ]=> (define (fast-expt-iter a b n)
  (cond ((= n 0) a)
        ((even? n) (fast-expt-iter a (* b b) (/ n 2)))
        (else (fast-expt-iter (* a b) b (- n 1)))))
;Value: fast-expt-iter

1 ]=> ;
; (fast-expt-iter 1 3 13)
; (fast-expt-iter 3 3 12)
; (fast-expt-iter 3 9 6)
; (fast-expt-iter 3 81 3)
; (fast-expt-iter 243 81 2)
; (fast-expt-iter 243 6561 1)
; (fast-expt-iter 1594323 6561 0)
; 1594323

(fast-expt-iter 1 3 13)
;Value: 1594323

1 ]=> 
End of input stream reached.
Fortitudine vincimus.
