MIT/GNU Scheme running under GNU/Linux
Type `^C' (control-C) followed by `H' to obtain information about interrupts.

Copyright (C) 2020 Massachusetts Institute of Technology
This is free software; see the source for copying conditions. There is NO
warranty; not even for MERCHANTABILITY or FITNESS FOR A PARTICULAR PURPOSE.

Image saved on Sunday March 7, 2021 at 3:24:56 PM
  Release 11.2 || SF || LIAR/x86-64

1 ]=> ;
; last-pair: 'a list -> 'a list
; REQUIRES: xs is non-empty
; ENSURES: (last-pair xs) ==> last cons'ed pair in xs
(define (last-pair xs)
  (let ((tl (cdr xs)))
    (if (null? tl)
        xs
        (last-pair tl))))
;Value: last-pair

1 ]=> (last-pair (list 23 79 149 34))
;Value: (34)

1 ]=> 
End of input stream reached.
Post proelium, praemium.
