MIT/GNU Scheme running under GNU/Linux
Type `^C' (control-C) followed by `H' to obtain information about interrupts.

Copyright (C) 2020 Massachusetts Institute of Technology
This is free software; see the source for copying conditions. There is NO
warranty; not even for MERCHANTABILITY or FITNESS FOR A PARTICULAR PURPOSE.

Image saved on Sunday March 7, 2021 at 3:24:56 PM
  Release 11.2 || SF || LIAR/x86-64

1 ]=> (define (max-sum-squares a b c)
  (cond ((and (>= a b) (>= b c)) (+ (* a a) (* b b)))
        ((and (>= a c) (>= c b)) (+ (* a a) (* c c)))
        ((and (>= b a) (>= a c)) (+ (* b b) (* a a)))
        ((and (>= b c) (>= c a)) (+ (* b b) (* c c)))
        ((and (>= c a) (>= a b)) (+ (* c c) (* a a)))
        ((and (>= c b) (>= b a)) (+ (* c c) (* b b)))))
;Value: max-sum-squares

1 ]=> (max-sum-squares 0 1 2)
;Value: 5

1 ]=> (max-sum-squares 4 3 5)
;Value: 41

1 ]=> (max-sum-squares 8 6 7)
;Value: 113

1 ]=> (max-sum-squares -1 -3 -2)
;Value: 5

1 ]=> 
End of input stream reached.
Post proelium, praemium.
