MIT/GNU Scheme running under GNU/Linux
Type `^C' (control-C) followed by `H' to obtain information about interrupts.

Copyright (C) 2020 Massachusetts Institute of Technology
This is free software; see the source for copying conditions. There is NO
warranty; not even for MERCHANTABILITY or FITNESS FOR A PARTICULAR PURPOSE.

Image saved on Sunday March 7, 2021 at 3:24:56 PM
  Release 11.2 || SF || LIAR/x86-64

1 ]=> ; make-account procedure
(define (make-account balance password)
  (define attempts 0)
  (define (withdraw amount)
    (if (>= balance amount)
        (begin (set! balance (- balance amount))
               balance)
        "Insufficient funds"))
  (define (deposit amount)
    (set! balance (+ balance amount))
    balance)
  (define (incorrect-password x)
    (set! attempts (+ attempts 1))
    (if (< attempts 7)
        "Incorrect password"
        (call-the-cops)))
  (define (call-the-cops) "Calling the police...")
  (define (dispatch p m)
    (cond ((not (eq? p password)) incorrect-password)
          ((eq? m 'withdraw) (set! attempts 0) withdraw)
          ((eq? m 'deposit) (set! attempts 0) deposit)
          (else (error "Unknown request -- MAKE-ACCOUNT"
                       m))))
  dispatch)
;Value: make-account

1 ]=> ; unit tests
(define acc (make-account 100 'foo))
;Value: acc

1 ]=> ((acc 'bar 'withdraw) 40)
;Value: "Incorrect password"

1 ]=> ((acc 'baz 'deposit) 50)
;Value: "Incorrect password"

1 ]=> ((acc 'foo 'withdraw) 30)
;Value: 70

1 ]=> ((acc 'qux 'deposit) 1)
;Value: "Incorrect password"

1 ]=> ((acc 'quux 'deposit) 1)
;Value: "Incorrect password"

1 ]=> ((acc 'corge 'deposit) 1)
;Value: "Incorrect password"

1 ]=> ((acc 'grault 'deposit) 1)
;Value: "Incorrect password"

1 ]=> ((acc 'garply 'deposit) 1)
;Value: "Incorrect password"

1 ]=> ((acc 'waldo 'deposit) 1)
;Value: "Incorrect password"

1 ]=> ((acc 'fred 'deposit) 1)
;Value: "Calling the police..."

1 ]=> ((acc 'plugh 'withdraw) 13)
;Value: "Calling the police..."

1 ]=> ((acc 'foo 'withdraw) 13)
;Value: 57

1 ]=> ((acc 'xyzzy 'deposit) 3)
;Value: "Incorrect password"

1 ]=> ((acc 'thud 'deposit) 3)
;Value: "Incorrect password"

1 ]=> 
End of input stream reached.
Moriturus te salutat.
