MIT/GNU Scheme running under GNU/Linux
Type `^C' (control-C) followed by `H' to obtain information about interrupts.

Copyright (C) 2020 Massachusetts Institute of Technology
This is free software; see the source for copying conditions. There is NO
warranty; not even for MERCHANTABILITY or FITNESS FOR A PARTICULAR PURPOSE.

Image saved on Sunday March 7, 2021 at 3:24:56 PM
  Release 11.2 || SF || LIAR/x86-64

1 ]=> ;
; Pascal's Triangle
;
;   k 0 1 2 3 4 ..
; n
; 0   1
; 1   1 1
; 2   1 2 1
; 3   1 3 3 1
; 4   1 4 6 4 1
; :   ...

(define (pascal n k)
  (cond ((= k 0) 1)
        ((= k n) 1)
        (else (+ (pascal (- n 1) (- k 1))
                 (pascal (- n 1) k)))))
;Value: pascal

1 ]=> (pascal 4 2)
;Value: 6

1 ]=> 
End of input stream reached.
Happy happy joy joy!
