MIT/GNU Scheme running under GNU/Linux
Type `^C' (control-C) followed by `H' to obtain information about interrupts.

Copyright (C) 2020 Massachusetts Institute of Technology
This is free software; see the source for copying conditions. There is NO
warranty; not even for MERCHANTABILITY or FITNESS FOR A PARTICULAR PURPOSE.

Image saved on Sunday March 7, 2021 at 3:24:56 PM
  Release 11.2 || SF || LIAR/x86-64

1 ]=> ; nil defn
(define nil '())
;Value: nil

1 ]=> ; map procedure
(define (map proc seq)
  (if (null? seq)
      nil
      (cons (proc (car seq)) (map proc (cdr seq)))))
;Value: map

1 ]=> ; filter procedure
(define (filter pred seq)
  (cond ((null? seq) nil)
        ((pred (car seq))
         (cons (car seq)
               (filter pred (cdr seq))))
        (else (filter pred (cdr seq)))))
;Value: filter

1 ]=> ; accumulate procedure
(define (accumulate op init seq)
  (if (null? seq)
      init
      (op (car seq)
          (accumulate op init (cdr seq)))))
;Value: accumulate

1 ]=> ; enumerate-interval procedure
(define (enumerate-interval low high)
  (if (> low high)
      nil
      (cons low (enumerate-interval (+ low 1) high))))
;Value: enumerate-interval

1 ]=> ; enumerate-tree procedure
(define (enumerate-tree tree)
  (cond ((null? tree) nil)
        ((not (pair? tree)) (list tree))
        (else (append (enumerate-tree (car tree))
                      (enumerate-tree (cdr tree))))))
;Value: enumerate-tree

1 ]=> ; accumulate-n procedure
(define (accumulate-n op init seqs)
  (if (null? (car seqs))
      nil
      (cons (accumulate op init (map car seqs))
            (accumulate-n op init (map cdr seqs)))))
;Value: accumulate-n

1 ]=> ; fold-right procedure (formerly known as accumulate)
(define (fold-right op init seq)
  (if (null? seq)
      init
      (op (car seq)
          (fold-right op init (cdr seq)))))
;Value: fold-right

1 ]=> ; fold-left procedure
(define (fold-left op init seq)
  (define (iter result rest)
    (if (null? rest)
        result
        (iter (op result (car rest))
              (cdr rest))))
  (iter init seq))
;Value: fold-left

1 ]=> ; flatmap procedure
(define (flatmap proc seq)
  (accumulate append nil (map proc seq)))
;Value: flatmap

1 ]=> ; ordered-triples procedure
(define (ordered-triples n)
  (let ((nats-n (enumerate-interval 1 n)))
    (flatmap (lambda (i)
               (flatmap (lambda (j)
                          (map (lambda (k) (list i j k))
                               nats-n))
                        nats-n))
             nats-n)))
;Value: ordered-triples

1 ]=> ; distinct-ordered-triples procedure
(define (distinct-ordered-triples n)
  (let ((pred (lambda (t)
                (let ((i (car t)) (j (cadr t)) (k (caddr t)))
                  (and (not (= i j)) (not (= i k)) (not (= j k)))))))
    (filter pred (ordered-triples n))))
;Value: distinct-ordered-triples

1 ]=> ; distinct-ordered-triples-sum procedure
(define (distinct-ordered-triples-sum n s)
  (let ((pred (lambda (t)
                (let ((i (car t)) (j (cadr t)) (k (caddr t)))
                  (= (+ i j k) s)))))
    (filter pred (distinct-ordered-triples n))))
;Value: distinct-ordered-triples-sum

1 ]=> ; distinct-ordered-triples-sum unit test
(distinct-ordered-triples-sum 5 8)
;Value: ((1 2 5) (1 3 4) (1 4 3) (1 5 2) (2 1 5) (2 5 1) (3 1 4) (3 4 1) (4 1 3) (4 3 1) (5 1 2) (5 2 1))

1 ]=> 
End of input stream reached.
Moriturus te salutat.
