MIT/GNU Scheme running under GNU/Linux
Type `^C' (control-C) followed by `H' to obtain information about interrupts.

Copyright (C) 2020 Massachusetts Institute of Technology
This is free software; see the source for copying conditions. There is NO
warranty; not even for MERCHANTABILITY or FITNESS FOR A PARTICULAR PURPOSE.

Image saved on Sunday March 7, 2021 at 3:24:56 PM
  Release 11.2 || SF || LIAR/x86-64

1 ]=> #|
 | Exercise 4.58
 |
 | Define a rule that says that a person is a "big shot" in a division if the
 | person works in the division but does not have a supervisor who works in the
 | division.
 |
 | Answer
 |
 | (rule (big-shot ?person ?division)
 |       (and (job ?person (?division . ?position))
 |            (or (not (supervisor ?person ?their-boss))
 |                (and (job ?their-boss (?their-division . ?their-position))
 |                     (not (same ?divison ?their-division))))
 |#
End of input stream reached.
Moriturus te salutat.
