MIT/GNU Scheme running under GNU/Linux
Type `^C' (control-C) followed by `H' to obtain information about interrupts.

Copyright (C) 2020 Massachusetts Institute of Technology
This is free software; see the source for copying conditions. There is NO
warranty; not even for MERCHANTABILITY or FITNESS FOR A PARTICULAR PURPOSE.

Image saved on Sunday March 7, 2021 at 3:24:56 PM
  Release 11.2 || SF || LIAR/x86-64

1 ]=> ; make-vect procedure
(define (make-vect x y)
  (list x y))
;Value: make-vect

1 ]=> ; xcor-vect procedure
(define (xcor-vect v)
  (car v))
;Value: xcor-vect

1 ]=> ; ycor-vect procedure
(define (ycor-vect v)
  (cadr v))
;Value: ycor-vect

1 ]=> ; add-vect procedure
(define (add-vect v1 v2)
  (make-vect (+ (xcor-vect v1) (xcor-vect v2))
             (+ (ycor-vect v2) (ycor-vect v2))))
;Value: add-vect

1 ]=> ; sub-vect procedure
(define (sub-vect v1 v2)
  (make-vect (- (xcor-vect v1) (xcor-vect v2))
             (- (ycor-vect v1) (ycor-vect v2))))
;Value: sub-vect

1 ]=> ; scale-vect procedure
(define (scale-vect s v)
  (make-vect (* s (xcor-vect v))
             (* s (ycor-vect v))))
;Value: scale-vect

1 ]=> ; make-frame procedure
(define (make-frame origin edge1 edge2)
  (list origin edge1 edge2))
;Value: make-frame

1 ]=> ; origin-frame procedure
(define (origin-frame frame)
  (car frame))
;Value: origin-frame

1 ]=> ; edge1-frame procedure
(define (edge1-frame frame)
  (cadr frame))
;Value: edge1-frame

1 ]=> ; edge2-frame procedure
(define (edge2-frame frame)
  (caddr frame))
;Value: edge2-frame

1 ]=> ; frame-coord-map procedure
(define (frame-coord-map frame)
  (lambda (v)
    (add-vect
     (origin-frame frame)
     (add-vect (scale-vect (xcor-vect v)
                           (edge1-frame frame))
               (scale-vect (ycor-vect v)
                           (edge2-frame frame))))))
;Value: frame-coord-map

1 ]=> ; make-segment procedure
(define (make-segment v1 v2)
  (list v1 v2))
;Value: make-segment

1 ]=> ; start-segment
(define (start-segment s)
  (car s))
;Value: start-segment

1 ]=> ; end-segment
(define (end-segment s)
  (cadr s))
;Value: end-segment

1 ]=> ; segments->painter procedure
(define (segments->painter segment-list)
  (lambda (frame)
    (for-each
     (lambda (segment)
       (draw-line
        ((frame-coord-map frame) (start-segment segment))
        ((frame-coord-map frame) (end-segment segment))))
     segment-list)))
;Value: segments->painter

1 ]=> ; transform-painter procedure
(define (transform-painter painter origin corner1 corner2)
  (lambda (frame)
    (let ((m (frame-coord-map frame)))
      (let ((new-origin (m origin)))
        (painter
         (make-frame new-origin
                     (sub-vect (m corner1) new-origin)
                     (sub-vect (m corner2) new-origin)))))))
;Value: transform-painter

1 ]=> ; identity procedure
(define (identity painter) painter)
;Value: identity

1 ]=> ; flip-vert procedure
(define (flip-vert painter)
  (transform-painter painter
                     (make-vect 0.0 1.0)
                     (make-vect 1.0 1.0)
                     (make-vect 0.0 0.0)))
;Value: flip-vert

1 ]=> ; rotate90 procedure (counterclockwise)
(define (rotate90 painter)
  (transform-painter painter
                     (make-vect 1.0 0.0)
                     (make-vect 1.0 1.0)
                     (make-vect 0.0 0.0)))
;Value: rotate90

1 ]=> ; squash-inwards procedure
(define (squash-inwards painter)
  (transform-painter painter
                     (make-vect 0.0 0.0)
                     (make-vect 0.65 0.35)
                     (make-vect 0.35 0.65)))
;Value: squash-inwards

1 ]=> ; beside procedure
(define (beside painter1 painter2)
  (let ((split-point (make-vect 0.5 0.0)))
    (let ((paint-left
           (transform-painter painter1
                              (make-vect 0.0 0.0)
                              split-point
                              (make-vect 0.0 1.0)))
          (paint-right
           (transform-painter painter2
                              split-point
                              (make-vect 1.0 0.0)
                              (make-vect 0.5 1.0))))
      (lambda (frame)
        (paint-left frame)
        (paint-right frame)))))
;Value: beside

1 ]=> ; flip-horiz procedure
(define (flip-horiz painter)
  (transform-painter painter
                     (make-vect 1.0 0.0)
                     (make-vect 0.0 0.0)
                     (make-vect 1.0 1.0)))
;Value: flip-horiz

1 ]=> ; rotate180 procedure (counterclockwise)
(define (rotate180 painter)
  (transform-painter painter
                     (make-vect 1.0 1.0)
                     (make-vect 0.0 1.0)
                     (make-vect 1.0 0.0)))
;Value: rotate180

1 ]=> ; rotate270 procedure (counterclockwise)
(define (rotate270 painter)
  (transform-painter painter
                     (make-vect 0.0 1.0)
                     (make-vect 0.0 0.0)
                     (make-vect 1.0 1.0)))
;Value: rotate270

1 ]=> ; below procedure
(define (below painter1 painter2)
  (let ((split-point (make-vect 0.0 0.5)))
    (let ((paint-bottom
           (transform-painter painter1
                              (make-vect 0.0 0.0)
                              (make-vect 1.0 0.0)
                              split-point))
          (paint-top
           (transform-painter painter2
                              split-point
                              (make-vect 1.0 0.5)
                              (make-vect 0.0 1.0))))
      (lambda (frame)
        (paint-bottom frame)
        (paint-top frame)))))
;Value: below

1 ]=> ; right-split procedure
(define (right-split painter n)
  (if (= n 0)
      painter
      (let ((smaller (right-split painter (- n 1))))
        (beside painter (below smaller smaller)))))
;Value: right-split

1 ]=> ; up-split procedure
(define (up-split painter n)
  (if (= n 0)
      painter
      (let ((smaller (up-split painter (- n 1))))
        (below painter (beside smaller smaller)))))
;Value: up-split

1 ]=> ; corner-split procedure, one copy of up-split and right-split
(define (corner-split painter n)
  (if (= n 0)
      painter
      (let ((up (up-split painter (- n 1)))
            (right (right-split painter (- n 1)))
            (corner (corner-split painter (- n 1))))
        (beside (below painter up)
                (below right corner)))))
;Value: corner-split

1 ]=> )

; square-limit1 procedure
(define (square-limit1 painter n)
  (let ((quarter (corner-split painter n)))
    (let ((half (beside (flip-horiz quarter) quarter)))
      (below (flip-vert half) half))))
;Value: square-limit1

1 ]=> ; square-of-four procedure
(define (square-of-four tl tr bl br)
  (lambda (painter)
    (let ((top (beside (tl painter) (tr painter)))
          (bottom (beside (bl painter) (br painter))))
      (below bottom top))))
;Value: square-of-four

1 ]=> ; square-limit2 procedure, make Mr. Rogers look outward from ea corner of square
(define (square-limit2 painter n)
  (let ((combine4 (square-of-four flip-vert rotate180
                                  identity flip-horiz)))
    (combine4 (corner-split painter n))))
;Value: square-limit2

1 ]=> ; split HOF procedure
(define (split proc1 proc2)
  (define (rec painter n)
    (if (= n 0)
        painter
        (let ((smaller (rec painter (- n 1))))
          (proc1 painter (proc2 smaller smaller)))))
  rec)
;Value: split

1 ]=> ; wave-segments and wave-painter, added smile
(define wave-segments
  (list (make-segment (make-vect 0.4 0.0) (make-vect 0.5 0.3))
        (make-segment (make-vect 0.5 0.3) (make-vect 0.6 0))
        (make-segment (make-vect 0.7 0) (make-vect 0.6 0.4))
        (make-segment (make-vect 0.6 0.4) (make-vect 1.0 0.2))
        (make-segment (make-vect 1.0 0.4) (make-vect 0.7 0.6))
        (make-segment (make-vect 0.7 0.6) (make-vect 0.6 0.6))
        (make-segment (make-vect 0.6 0.6) (make-vect 0.67 0.8))
        (make-segment (make-vect 0.67 0.8) (make-vect 0.6 1.0))
        (make-segment (make-vect 0.4 1.0) (make-vect 0.33 0.8))
        (make-segment (make-vect 0.33 0.8) (make-vect 0.4 0.6))
        (make-segment (make-vect 0.4 0.6) (make-vect 0.3 0.6))
        (make-segment (make-vect 0.3 0.6) (make-vect 0.2 0.55))
        (make-segment (make-vect 0.2 0.55) (make-vect 0.0 0.8))
        (make-segment (make-vect 0.0 0.6) (make-vect 0.2 0.35))
        (make-segment (make-vect 0.2 0.35) (make-vect 0.3 0.55))
        (make-segment (make-vect 0.3 0.55) (make-vect 0.35 0.45))
        (make-segment (make-vect 0.35 0.45) (make-vect 0.0 0.4))
        (make-segment (make-vect 0.45 0.7) (make-vect 0.5 0.65))
        (make-segment (make-vect 0.5 0.65) (make-vect 0.55 0.7))))
;Value: wave-segments

1 ]=> (define wave-painter (segments->painter wave-segments))
;Value: wave-painter

1 ]=> 
End of input stream reached.
Happy happy joy joy!
