MIT/GNU Scheme running under GNU/Linux
Type `^C' (control-C) followed by `H' to obtain information about interrupts.

Copyright (C) 2020 Massachusetts Institute of Technology
This is free software; see the source for copying conditions. There is NO
warranty; not even for MERCHANTABILITY or FITNESS FOR A PARTICULAR PURPOSE.

Image saved on Sunday March 7, 2021 at 3:24:56 PM
  Release 11.2 || SF || LIAR/x86-64

1 ]=> (define (add-interval x y)
  (make-interval (+ (lower-bound x) (lower-bound y))
                 (+ (upper-bound x) (upper-bound y))))
;Value: add-interval

1 ]=> (define (sub-interval x y)
  (make-interval (- (lower-bound x) (lower-bound y))
                 (- (upper-bound x) (upper-bound y))))
;Value: sub-interval

1 ]=> (define (mul-interval-1 x y)
  (let ((p1 (* (lower-bound x) (lower-bound y)))
        (p2 (* (lower-bound x) (upper-bound y)))
        (p3 (* (upper-bound x) (lower-bound y)))
        (p4 (* (upper-bound x) (upper-bound y))))
    (make-interval (min p1 p2 p3 p4)
                   (max p1 p2 p3 p4))))
;Value: mul-interval-1

1 ]=> (define (div-interval x y)
  (if (and (<= (lower-bound y) 0)
           (>= (upper-bound y) 0))
      (error "div-interval: divisor interval spans zero")
      (mul-interval x
                    (make-interval (/ 1.0 (upper-bound y))
                                   (/ 1.0 (lower-bound y))))))
;Value: div-interval

1 ]=> (define (width-interval ival)
  (/ (- (upper-bound ival) (lower-bound ival)) 2.0))
;Value: width-interval

1 ]=> (define (eq-interval? x y)
  (and (= (lower-bound x) (lower-bound y))
       (= (upper-bound x) (upper-bound y))))
;Value: eq-interval?

1 ]=> (define (make-interval a b)
  (if (<= a b)
      (cons a b)
      (error "make-interval: lower bound greater than upper bound")))
;Value: make-interval

1 ]=> (define (lower-bound ival) (car ival))
;Value: lower-bound

1 ]=> (define (upper-bound ival) (cdr ival))
;Value: upper-bound

1 ]=> ; constructors and selectors
(define (make-center-percent c p)
  (let ((k (* (abs c) (/ p 100.0))))
    (make-interval (- c k) (+ c k))))
;Value: make-center-percent

1 ]=> (define (center i)
  (/ (+ (lower-bound i) (upper-bound i)) 2.0))
;Value: center

1 ]=> (define (percent i)
  (define (width i)
    (/ (- (upper-bound i) (lower-bound i)) 2.0))
  (* (/ (width i) (center i)) 100.0))
;Value: percent

1 ]=> (define i (make-center-percent 23.5 7.11))
;Value: i

1 ]=> (center i)
;Value: 23.5

1 ]=> (percent i)
;Value: 7.1100000000000065

1 ]=> 
End of input stream reached.
Ceterum censeo Carthaginem esse delendam.
